Flow report for reset_circuit
Fri Mar 25 18:34:37 2022
Quartus II 64-Bit Version 14.0.2 Build 209 09/17/2014 SJ Full Version


---------------------
; Table of Contents ;
---------------------
  1. Legal Notice
  2. Flow Summary
  3. Flow Settings
  4. Flow Non-Default Global Settings
  5. Flow Elapsed Time
  6. Flow OS Summary
  7. Flow Log
  8. Flow Messages
  9. Flow Suppressed Messages



----------------
; Legal Notice ;
----------------
Copyright (C) 1991-2014 Altera Corporation. All rights reserved.
Your use of Altera Corporation's design tools, logic functions 
and other software and tools, and its AMPP partner logic 
functions, and any output files from any of the foregoing 
(including device programming or simulation files), and any 
associated documentation or information are expressly subject 
to the terms and conditions of the Altera Program License 
Subscription Agreement, the Altera Quartus II License Agreement,
the Altera MegaCore Function License Agreement, or other 
applicable license agreement, including, without limitation, 
that your use is for the sole purpose of programming logic 
devices manufactured by Altera and sold by Altera or its 
authorized distributors.  Please refer to the applicable 
agreement for further details.



+----------------------------------------------------------------------------------+
; Flow Summary                                                                     ;
+------------------------------------+---------------------------------------------+
; Flow Status                        ; Successful - Fri Mar 25 18:34:37 2022       ;
; Quartus II 64-Bit Version          ; 14.0.2 Build 209 09/17/2014 SJ Full Version ;
; Revision Name                      ; reset_circuit                               ;
; Top-level Entity Name              ; CPU_TEST_Sim                                ;
; Family                             ; Cyclone IV E                                ;
; Device                             ; EP4CE115F29C7                               ;
; Timing Models                      ; Final                                       ;
; Total logic elements               ; 726 / 114,480 ( < 1 % )                     ;
;     Total combinational functions  ; 721 / 114,480 ( < 1 % )                     ;
;     Dedicated logic registers      ; 169 / 114,480 ( < 1 % )                     ;
; Total registers                    ; 169                                         ;
; Total pins                         ; 209 / 529 ( 40 % )                          ;
; Total virtual pins                 ; 0                                           ;
; Total memory bits                  ; 10,240 / 3,981,312 ( < 1 % )                ;
; Embedded Multiplier 9-bit elements ; 0 / 532 ( 0 % )                             ;
; Total PLLs                         ; 0 / 4 ( 0 % )                               ;
+------------------------------------+---------------------------------------------+


+-----------------------------------------+
; Flow Settings                           ;
+-------------------+---------------------+
; Option            ; Setting             ;
+-------------------+---------------------+
; Start date & time ; 03/25/2022 18:33:09 ;
; Main task         ; Compilation         ;
; Revision Name     ; reset_circuit       ;
+-------------------+---------------------+


+----------------------------------------------------------------------------------------------------------------------------------------------------+
; Flow Non-Default Global Settings                                                                                                                   ;
+-------------------------------------+--------------------------------------------------------------+---------------+--------------+----------------+
; Assignment Name                     ; Value                                                        ; Default Value ; Entity Name  ; Section Id     ;
+-------------------------------------+--------------------------------------------------------------+---------------+--------------+----------------+
; COMPILER_SIGNATURE_ID               ; 26403096383026.164824758931666                               ; --            ; --           ; --             ;
; EDA_GENERATE_FUNCTIONAL_NETLIST     ; Off                                                          ; --            ; --           ; eda_simulation ;
; EDA_NETLIST_WRITER_OUTPUT_DIR       ; /home/student1/jsivalog/Desktop/COE608/Lab6/simulation/qsim/ ; --            ; --           ; eda_simulation ;
; EDA_OUTPUT_DATA_FORMAT              ; Verilog Hdl                                                  ; --            ; --           ; eda_simulation ;
; EDA_SIMULATION_TOOL                 ; ModelSim-Altera (Verilog)                                    ; <None>        ; --           ; --             ;
; EDA_TIME_SCALE                      ; 1 ps                                                         ; --            ; --           ; eda_simulation ;
; IP_TOOL_NAME                        ; RAM: 1-PORT                                                  ; --            ; --           ; --             ;
; IP_TOOL_VERSION                     ; 13.0                                                         ; --            ; --           ; --             ;
; MAX_CORE_JUNCTION_TEMP              ; 85                                                           ; --            ; --           ; --             ;
; MIN_CORE_JUNCTION_TEMP              ; 0                                                            ; --            ; --           ; --             ;
; MISC_FILE                           ; system_memory.cmp                                            ; --            ; --           ; --             ;
; NOMINAL_CORE_SUPPLY_VOLTAGE         ; 1.2V                                                         ; --            ; --           ; --             ;
; PARTITION_COLOR                     ; 16764057                                                     ; --            ; CPU_TEST_Sim ; Top            ;
; PARTITION_FITTER_PRESERVATION_LEVEL ; PLACEMENT_AND_ROUTING                                        ; --            ; CPU_TEST_Sim ; Top            ;
; PARTITION_NETLIST_TYPE              ; SOURCE                                                       ; --            ; CPU_TEST_Sim ; Top            ;
; POWER_BOARD_THERMAL_MODEL           ; None (CONSERVATIVE)                                          ; --            ; --           ; --             ;
; POWER_PRESET_COOLING_SOLUTION       ; 23 MM HEAT SINK WITH 200 LFPM AIRFLOW                        ; --            ; --           ; --             ;
; PROJECT_OUTPUT_DIRECTORY            ; output_files                                                 ; --            ; --           ; --             ;
; TOP_LEVEL_ENTITY                    ; CPU_TEST_Sim                                                 ; reset_circuit ; --           ; --             ;
+-------------------------------------+--------------------------------------------------------------+---------------+--------------+----------------+


+-------------------------------------------------------------------------------------------------------------------------------+
; Flow Elapsed Time                                                                                                             ;
+---------------------------+--------------+-------------------------+---------------------+------------------------------------+
; Module Name               ; Elapsed Time ; Average Processors Used ; Peak Virtual Memory ; Total CPU Time (on all processors) ;
+---------------------------+--------------+-------------------------+---------------------+------------------------------------+
; Analysis & Synthesis      ; 00:00:10     ; 1.0                     ; 1011 MB             ; 00:00:07                           ;
; Fitter                    ; 00:00:34     ; 1.6                     ; 1468 MB             ; 00:00:45                           ;
; Assembler                 ; 00:00:05     ; 1.0                     ; 785 MB              ; 00:00:04                           ;
; TimeQuest Timing Analyzer ; 00:00:07     ; 1.0                     ; 917 MB              ; 00:00:05                           ;
; EDA Netlist Writer        ; 00:00:03     ; 1.0                     ; 917 MB              ; 00:00:02                           ;
; EDA Netlist Writer        ; 00:00:01     ; 1.0                     ; 1018 MB             ; 00:00:01                           ;
; EDA Netlist Writer        ; 00:00:02     ; 1.0                     ; 1031 MB             ; 00:00:02                           ;
; Total                     ; 00:01:02     ; --                      ; --                  ; 00:01:06                           ;
+---------------------------+--------------+-------------------------+---------------------+------------------------------------+


+--------------------------------------------------------------------------------------------------+
; Flow OS Summary                                                                                  ;
+---------------------------+-----------------------+--------------+--------------+----------------+
; Module Name               ; Machine Hostname      ; OS Name      ; OS Version   ; Processor type ;
+---------------------------+-----------------------+--------------+--------------+----------------+
; Analysis & Synthesis      ; waldorf.ee.ryerson.ca ; CentOS Linux ; CentOS Linux ; x86_64         ;
; Fitter                    ; waldorf.ee.ryerson.ca ; CentOS Linux ; CentOS Linux ; x86_64         ;
; Assembler                 ; waldorf.ee.ryerson.ca ; CentOS Linux ; CentOS Linux ; x86_64         ;
; TimeQuest Timing Analyzer ; waldorf.ee.ryerson.ca ; CentOS Linux ; CentOS Linux ; x86_64         ;
; EDA Netlist Writer        ; waldorf.ee.ryerson.ca ; CentOS Linux ; CentOS Linux ; x86_64         ;
; EDA Netlist Writer        ; waldorf.ee.ryerson.ca ; CentOS Linux ; CentOS Linux ; x86_64         ;
; EDA Netlist Writer        ; waldorf.ee.ryerson.ca ; CentOS Linux ; CentOS Linux ; x86_64         ;
+---------------------------+-----------------------+--------------+--------------+----------------+


------------
; Flow Log ;
------------
quartus_map --read_settings_files=on --write_settings_files=off reset_circuit -c reset_circuit
quartus_fit --read_settings_files=off --write_settings_files=off reset_circuit -c reset_circuit
quartus_asm --read_settings_files=off --write_settings_files=off reset_circuit -c reset_circuit
quartus_sta reset_circuit -c reset_circuit
quartus_eda --read_settings_files=off --write_settings_files=off reset_circuit -c reset_circuit
quartus_eda --gen_testbench --check_outputs=on --tool=modelsim_oem --format=verilog reset_circuit -c reset_circuit --vector_source=/home/student1/jsivalog/Desktop/COE608/Lab6/cpu_test_sim.vwf --testbench_file=/home/student1/jsivalog/Desktop/COE608/Lab6/simulation/qsim/cpu_test_sim.vwf.vt
quartus_eda --functional=off --flatten_buses=off --timescale=1ps --simulation=on --tool=modelsim_oem --format=verilog --output_directory=/home/student1/jsivalog/Desktop/COE608/Lab6/simulation/qsim/ reset_circuit -c reset_circuit



