Flow report for ControlUnit
Fri Mar 18 23:57:06 2022
Quartus II 64-Bit Version 14.0.2 Build 209 09/17/2014 SJ Full Version


---------------------
; Table of Contents ;
---------------------
  1. Legal Notice
  2. Flow Summary
  3. Flow Settings
  4. Flow Non-Default Global Settings
  5. Flow Elapsed Time
  6. Flow OS Summary
  7. Flow Log
  8. Flow Messages
  9. Flow Suppressed Messages



----------------
; Legal Notice ;
----------------
Copyright (C) 1991-2014 Altera Corporation. All rights reserved.
Your use of Altera Corporation's design tools, logic functions 
and other software and tools, and its AMPP partner logic 
functions, and any output files from any of the foregoing 
(including device programming or simulation files), and any 
associated documentation or information are expressly subject 
to the terms and conditions of the Altera Program License 
Subscription Agreement, the Altera Quartus II License Agreement,
the Altera MegaCore Function License Agreement, or other 
applicable license agreement, including, without limitation, 
that your use is for the sole purpose of programming logic 
devices manufactured by Altera and sold by Altera or its 
authorized distributors.  Please refer to the applicable 
agreement for further details.



+----------------------------------------------------------------------------------+
; Flow Summary                                                                     ;
+------------------------------------+---------------------------------------------+
; Flow Status                        ; Successful - Fri Mar 18 23:57:06 2022       ;
; Quartus II 64-Bit Version          ; 14.0.2 Build 209 09/17/2014 SJ Full Version ;
; Revision Name                      ; ControlUnit                                 ;
; Top-level Entity Name              ; ControlUnit                                 ;
; Family                             ; Cyclone IV E                                ;
; Device                             ; EP4CE115F29C7                               ;
; Timing Models                      ; Final                                       ;
; Total logic elements               ; 114 / 114,480 ( < 1 % )                     ;
;     Total combinational functions  ; 114 / 114,480 ( < 1 % )                     ;
;     Dedicated logic registers      ; 3 / 114,480 ( < 1 % )                       ;
; Total registers                    ; 3                                           ;
; Total pins                         ; 65 / 529 ( 12 % )                           ;
; Total virtual pins                 ; 0                                           ;
; Total memory bits                  ; 0 / 3,981,312 ( 0 % )                       ;
; Embedded Multiplier 9-bit elements ; 0 / 532 ( 0 % )                             ;
; Total PLLs                         ; 0 / 4 ( 0 % )                               ;
+------------------------------------+---------------------------------------------+


+-----------------------------------------+
; Flow Settings                           ;
+-------------------+---------------------+
; Option            ; Setting             ;
+-------------------+---------------------+
; Start date & time ; 03/18/2022 22:47:11 ;
; Main task         ; Compilation         ;
; Revision Name     ; ControlUnit         ;
+-------------------+---------------------+


+---------------------------------------------------------------------------------------------------------------------------------------------------+
; Flow Non-Default Global Settings                                                                                                                  ;
+-------------------------------------+--------------------------------------------------------------+---------------+-------------+----------------+
; Assignment Name                     ; Value                                                        ; Default Value ; Entity Name ; Section Id     ;
+-------------------------------------+--------------------------------------------------------------+---------------+-------------+----------------+
; COMPILER_SIGNATURE_ID               ; 203178706506942.164765803111728                              ; --            ; --          ; --             ;
; EDA_GENERATE_FUNCTIONAL_NETLIST     ; Off                                                          ; --            ; --          ; eda_simulation ;
; EDA_NETLIST_WRITER_OUTPUT_DIR       ; /home/student1/jsivalog/Desktop/COE608/Lab5/simulation/qsim/ ; --            ; --          ; eda_simulation ;
; EDA_OUTPUT_DATA_FORMAT              ; Verilog Hdl                                                  ; --            ; --          ; eda_simulation ;
; EDA_SIMULATION_TOOL                 ; ModelSim-Altera (Verilog)                                    ; <None>        ; --          ; --             ;
; EDA_TIME_SCALE                      ; 1 ps                                                         ; --            ; --          ; eda_simulation ;
; MAX_CORE_JUNCTION_TEMP              ; 85                                                           ; --            ; --          ; --             ;
; MIN_CORE_JUNCTION_TEMP              ; 0                                                            ; --            ; --          ; --             ;
; NOMINAL_CORE_SUPPLY_VOLTAGE         ; 1.2V                                                         ; --            ; --          ; --             ;
; PARTITION_COLOR                     ; 16764057                                                     ; --            ; --          ; Top            ;
; PARTITION_FITTER_PRESERVATION_LEVEL ; PLACEMENT_AND_ROUTING                                        ; --            ; --          ; Top            ;
; PARTITION_NETLIST_TYPE              ; SOURCE                                                       ; --            ; --          ; Top            ;
; POWER_BOARD_THERMAL_MODEL           ; None (CONSERVATIVE)                                          ; --            ; --          ; --             ;
; POWER_PRESET_COOLING_SOLUTION       ; 23 MM HEAT SINK WITH 200 LFPM AIRFLOW                        ; --            ; --          ; --             ;
; PROJECT_OUTPUT_DIRECTORY            ; output_files                                                 ; --            ; --          ; --             ;
+-------------------------------------+--------------------------------------------------------------+---------------+-------------+----------------+


+-------------------------------------------------------------------------------------------------------------------------------+
; Flow Elapsed Time                                                                                                             ;
+---------------------------+--------------+-------------------------+---------------------+------------------------------------+
; Module Name               ; Elapsed Time ; Average Processors Used ; Peak Virtual Memory ; Total CPU Time (on all processors) ;
+---------------------------+--------------+-------------------------+---------------------+------------------------------------+
; Analysis & Synthesis      ; 00:00:04     ; 1.0                     ; 970 MB              ; 00:00:02                           ;
; Fitter                    ; 00:00:21     ; 1.5                     ; 1393 MB             ; 00:00:23                           ;
; Assembler                 ; 00:00:06     ; 1.0                     ; 768 MB              ; 00:00:04                           ;
; TimeQuest Timing Analyzer ; 00:00:06     ; 1.0                     ; 908 MB              ; 00:00:03                           ;
; EDA Netlist Writer        ; 00:00:02     ; 1.0                     ; 896 MB              ; 00:00:01                           ;
; EDA Netlist Writer        ; 00:00:01     ; 1.0                     ; 997 MB              ; 00:00:01                           ;
; EDA Netlist Writer        ; 00:00:01     ; 1.0                     ; 1009 MB             ; 00:00:01                           ;
; EDA Netlist Writer        ; 00:00:01     ; 1.0                     ; 997 MB              ; 00:00:01                           ;
; EDA Netlist Writer        ; 00:00:02     ; 1.0                     ; 1018 MB             ; 00:00:01                           ;
; EDA Netlist Writer        ; 00:00:01     ; 1.0                     ; 997 MB              ; 00:00:01                           ;
; EDA Netlist Writer        ; 00:00:02     ; 1.0                     ; 1018 MB             ; 00:00:01                           ;
; EDA Netlist Writer        ; 00:00:01     ; 1.0                     ; 997 MB              ; 00:00:01                           ;
; EDA Netlist Writer        ; 00:00:01     ; 1.0                     ; 1002 MB             ; 00:00:01                           ;
; EDA Netlist Writer        ; 00:00:01     ; 1.0                     ; 997 MB              ; 00:00:01                           ;
; EDA Netlist Writer        ; 00:00:02     ; 1.0                     ; 1018 MB             ; 00:00:01                           ;
; EDA Netlist Writer        ; 00:00:01     ; 1.0                     ; 997 MB              ; 00:00:01                           ;
; EDA Netlist Writer        ; 00:00:01     ; 1.0                     ; 1004 MB             ; 00:00:01                           ;
; EDA Netlist Writer        ; 00:00:01     ; 1.0                     ; 997 MB              ; 00:00:01                           ;
; EDA Netlist Writer        ; 00:00:01     ; 1.0                     ; 1009 MB             ; 00:00:01                           ;
; EDA Netlist Writer        ; 00:00:01     ; 1.0                     ; 997 MB              ; 00:00:01                           ;
; EDA Netlist Writer        ; 00:00:00     ; 1.0                     ; 1013 MB             ; 00:00:01                           ;
; EDA Netlist Writer        ; 00:00:01     ; 1.0                     ; 997 MB              ; 00:00:01                           ;
; EDA Netlist Writer        ; 00:00:00     ; 1.0                     ; 1002 MB             ; 00:00:01                           ;
; EDA Netlist Writer        ; 00:00:01     ; 1.0                     ; 997 MB              ; 00:00:01                           ;
; EDA Netlist Writer        ; 00:00:01     ; 1.0                     ; 1009 MB             ; 00:00:01                           ;
; EDA Netlist Writer        ; 00:00:01     ; 1.0                     ; 997 MB              ; 00:00:01                           ;
; EDA Netlist Writer        ; 00:00:01     ; 1.0                     ; 1002 MB             ; 00:00:01                           ;
; EDA Netlist Writer        ; 00:00:01     ; 1.0                     ; 997 MB              ; 00:00:01                           ;
; EDA Netlist Writer        ; 00:00:01     ; 1.0                     ; 1002 MB             ; 00:00:01                           ;
; EDA Netlist Writer        ; 00:00:01     ; 1.0                     ; 997 MB              ; 00:00:01                           ;
; EDA Netlist Writer        ; 00:00:01     ; 1.0                     ; 1018 MB             ; 00:00:01                           ;
; EDA Netlist Writer        ; 00:00:00     ; 1.0                     ; 997 MB              ; 00:00:01                           ;
; EDA Netlist Writer        ; 00:00:02     ; 1.0                     ; 1018 MB             ; 00:00:01                           ;
; EDA Netlist Writer        ; 00:00:00     ; 1.0                     ; 997 MB              ; 00:00:01                           ;
; EDA Netlist Writer        ; 00:00:03     ; 1.0                     ; 1004 MB             ; 00:00:01                           ;
; EDA Netlist Writer        ; 00:00:01     ; 1.0                     ; 997 MB              ; 00:00:01                           ;
; EDA Netlist Writer        ; 00:00:02     ; 1.0                     ; 1018 MB             ; 00:00:01                           ;
; EDA Netlist Writer        ; 00:00:01     ; 1.0                     ; 997 MB              ; 00:00:01                           ;
; EDA Netlist Writer        ; 00:00:02     ; 1.0                     ; 1018 MB             ; 00:00:01                           ;
; EDA Netlist Writer        ; 00:00:01     ; 1.0                     ; 997 MB              ; 00:00:01                           ;
; EDA Netlist Writer        ; 00:00:01     ; 1.0                     ; 1018 MB             ; 00:00:01                           ;
; EDA Netlist Writer        ; 00:00:01     ; 1.0                     ; 997 MB              ; 00:00:01                           ;
; EDA Netlist Writer        ; 00:00:02     ; 1.0                     ; 1009 MB             ; 00:00:01                           ;
; EDA Netlist Writer        ; 00:00:00     ; 1.0                     ; 997 MB              ; 00:00:01                           ;
; EDA Netlist Writer        ; 00:00:01     ; 1.0                     ; 1018 MB             ; 00:00:01                           ;
; EDA Netlist Writer        ; 00:00:01     ; 1.0                     ; 997 MB              ; 00:00:01                           ;
; EDA Netlist Writer        ; 00:00:02     ; 1.0                     ; 1018 MB             ; 00:00:01                           ;
; EDA Netlist Writer        ; 00:00:00     ; 1.0                     ; 997 MB              ; 00:00:01                           ;
; EDA Netlist Writer        ; 00:00:02     ; 1.0                     ; 1018 MB             ; 00:00:01                           ;
; EDA Netlist Writer        ; 00:00:01     ; 1.0                     ; 1004 MB             ; 00:00:01                           ;
; EDA Netlist Writer        ; 00:00:01     ; 1.0                     ; 1009 MB             ; 00:00:01                           ;
; EDA Netlist Writer        ; 00:00:01     ; 1.0                     ; 997 MB              ; 00:00:01                           ;
; EDA Netlist Writer        ; 00:00:02     ; 1.0                     ; 1018 MB             ; 00:00:01                           ;
; EDA Netlist Writer        ; 00:00:01     ; 1.0                     ; 1009 MB             ; 00:00:01                           ;
; EDA Netlist Writer        ; 00:00:01     ; 1.0                     ; 1018 MB             ; 00:00:01                           ;
; EDA Netlist Writer        ; 00:00:01     ; 1.0                     ; 1009 MB             ; 00:00:01                           ;
; EDA Netlist Writer        ; 00:00:01     ; 1.0                     ; 1018 MB             ; 00:00:01                           ;
; EDA Netlist Writer        ; 00:00:01     ; 1.0                     ; 997 MB              ; 00:00:01                           ;
; EDA Netlist Writer        ; 00:00:02     ; 1.0                     ; 1018 MB             ; 00:00:01                           ;
; EDA Netlist Writer        ; 00:00:01     ; 1.0                     ; 997 MB              ; 00:00:01                           ;
; EDA Netlist Writer        ; 00:00:02     ; 1.0                     ; 1018 MB             ; 00:00:01                           ;
; EDA Netlist Writer        ; 00:00:01     ; 1.0                     ; 1008 MB             ; 00:00:01                           ;
; EDA Netlist Writer        ; 00:00:02     ; 1.0                     ; 1018 MB             ; 00:00:01                           ;
; EDA Netlist Writer        ; 00:00:01     ; 1.0                     ; 1008 MB             ; 00:00:01                           ;
; EDA Netlist Writer        ; 00:00:02     ; 1.0                     ; 1018 MB             ; 00:00:01                           ;
; EDA Netlist Writer        ; 00:00:01     ; 1.0                     ; 1009 MB             ; 00:00:01                           ;
; EDA Netlist Writer        ; 00:00:02     ; 1.0                     ; 1004 MB             ; 00:00:01                           ;
; Total                     ; 00:01:52     ; --                      ; --                  ; 00:01:35                           ;
+---------------------------+--------------+-------------------------+---------------------+------------------------------------+


+----------------------------------------------------------------------------------------------+
; Flow OS Summary                                                                              ;
+---------------------------+-------------------+--------------+--------------+----------------+
; Module Name               ; Machine Hostname  ; OS Name      ; OS Version   ; Processor type ;
+---------------------------+-------------------+--------------+--------------+----------------+
; Analysis & Synthesis      ; fit.ee.ryerson.ca ; CentOS Linux ; CentOS Linux ; x86_64         ;
; Fitter                    ; fit.ee.ryerson.ca ; CentOS Linux ; CentOS Linux ; x86_64         ;
; Assembler                 ; fit.ee.ryerson.ca ; CentOS Linux ; CentOS Linux ; x86_64         ;
; TimeQuest Timing Analyzer ; fit.ee.ryerson.ca ; CentOS Linux ; CentOS Linux ; x86_64         ;
; EDA Netlist Writer        ; fit.ee.ryerson.ca ; CentOS Linux ; CentOS Linux ; x86_64         ;
; EDA Netlist Writer        ; fit.ee.ryerson.ca ; CentOS Linux ; CentOS Linux ; x86_64         ;
; EDA Netlist Writer        ; fit.ee.ryerson.ca ; CentOS Linux ; CentOS Linux ; x86_64         ;
; EDA Netlist Writer        ; fit.ee.ryerson.ca ; CentOS Linux ; CentOS Linux ; x86_64         ;
; EDA Netlist Writer        ; fit.ee.ryerson.ca ; CentOS Linux ; CentOS Linux ; x86_64         ;
; EDA Netlist Writer        ; fit.ee.ryerson.ca ; CentOS Linux ; CentOS Linux ; x86_64         ;
; EDA Netlist Writer        ; fit.ee.ryerson.ca ; CentOS Linux ; CentOS Linux ; x86_64         ;
; EDA Netlist Writer        ; fit.ee.ryerson.ca ; CentOS Linux ; CentOS Linux ; x86_64         ;
; EDA Netlist Writer        ; fit.ee.ryerson.ca ; CentOS Linux ; CentOS Linux ; x86_64         ;
; EDA Netlist Writer        ; fit.ee.ryerson.ca ; CentOS Linux ; CentOS Linux ; x86_64         ;
; EDA Netlist Writer        ; fit.ee.ryerson.ca ; CentOS Linux ; CentOS Linux ; x86_64         ;
; EDA Netlist Writer        ; fit.ee.ryerson.ca ; CentOS Linux ; CentOS Linux ; x86_64         ;
; EDA Netlist Writer        ; fit.ee.ryerson.ca ; CentOS Linux ; CentOS Linux ; x86_64         ;
; EDA Netlist Writer        ; fit.ee.ryerson.ca ; CentOS Linux ; CentOS Linux ; x86_64         ;
; EDA Netlist Writer        ; fit.ee.ryerson.ca ; CentOS Linux ; CentOS Linux ; x86_64         ;
; EDA Netlist Writer        ; fit.ee.ryerson.ca ; CentOS Linux ; CentOS Linux ; x86_64         ;
; EDA Netlist Writer        ; fit.ee.ryerson.ca ; CentOS Linux ; CentOS Linux ; x86_64         ;
; EDA Netlist Writer        ; fit.ee.ryerson.ca ; CentOS Linux ; CentOS Linux ; x86_64         ;
; EDA Netlist Writer        ; fit.ee.ryerson.ca ; CentOS Linux ; CentOS Linux ; x86_64         ;
; EDA Netlist Writer        ; fit.ee.ryerson.ca ; CentOS Linux ; CentOS Linux ; x86_64         ;
; EDA Netlist Writer        ; fit.ee.ryerson.ca ; CentOS Linux ; CentOS Linux ; x86_64         ;
; EDA Netlist Writer        ; fit.ee.ryerson.ca ; CentOS Linux ; CentOS Linux ; x86_64         ;
; EDA Netlist Writer        ; fit.ee.ryerson.ca ; CentOS Linux ; CentOS Linux ; x86_64         ;
; EDA Netlist Writer        ; fit.ee.ryerson.ca ; CentOS Linux ; CentOS Linux ; x86_64         ;
; EDA Netlist Writer        ; fit.ee.ryerson.ca ; CentOS Linux ; CentOS Linux ; x86_64         ;
; EDA Netlist Writer        ; fit.ee.ryerson.ca ; CentOS Linux ; CentOS Linux ; x86_64         ;
; EDA Netlist Writer        ; fit.ee.ryerson.ca ; CentOS Linux ; CentOS Linux ; x86_64         ;
; EDA Netlist Writer        ; fit.ee.ryerson.ca ; CentOS Linux ; CentOS Linux ; x86_64         ;
; EDA Netlist Writer        ; fit.ee.ryerson.ca ; CentOS Linux ; CentOS Linux ; x86_64         ;
; EDA Netlist Writer        ; fit.ee.ryerson.ca ; CentOS Linux ; CentOS Linux ; x86_64         ;
; EDA Netlist Writer        ; fit.ee.ryerson.ca ; CentOS Linux ; CentOS Linux ; x86_64         ;
; EDA Netlist Writer        ; fit.ee.ryerson.ca ; CentOS Linux ; CentOS Linux ; x86_64         ;
; EDA Netlist Writer        ; fit.ee.ryerson.ca ; CentOS Linux ; CentOS Linux ; x86_64         ;
; EDA Netlist Writer        ; fit.ee.ryerson.ca ; CentOS Linux ; CentOS Linux ; x86_64         ;
; EDA Netlist Writer        ; fit.ee.ryerson.ca ; CentOS Linux ; CentOS Linux ; x86_64         ;
; EDA Netlist Writer        ; fit.ee.ryerson.ca ; CentOS Linux ; CentOS Linux ; x86_64         ;
; EDA Netlist Writer        ; fit.ee.ryerson.ca ; CentOS Linux ; CentOS Linux ; x86_64         ;
; EDA Netlist Writer        ; fit.ee.ryerson.ca ; CentOS Linux ; CentOS Linux ; x86_64         ;
; EDA Netlist Writer        ; fit.ee.ryerson.ca ; CentOS Linux ; CentOS Linux ; x86_64         ;
; EDA Netlist Writer        ; fit.ee.ryerson.ca ; CentOS Linux ; CentOS Linux ; x86_64         ;
; EDA Netlist Writer        ; fit.ee.ryerson.ca ; CentOS Linux ; CentOS Linux ; x86_64         ;
; EDA Netlist Writer        ; fit.ee.ryerson.ca ; CentOS Linux ; CentOS Linux ; x86_64         ;
; EDA Netlist Writer        ; fit.ee.ryerson.ca ; CentOS Linux ; CentOS Linux ; x86_64         ;
; EDA Netlist Writer        ; fit.ee.ryerson.ca ; CentOS Linux ; CentOS Linux ; x86_64         ;
; EDA Netlist Writer        ; fit.ee.ryerson.ca ; CentOS Linux ; CentOS Linux ; x86_64         ;
; EDA Netlist Writer        ; fit.ee.ryerson.ca ; CentOS Linux ; CentOS Linux ; x86_64         ;
; EDA Netlist Writer        ; fit.ee.ryerson.ca ; CentOS Linux ; CentOS Linux ; x86_64         ;
; EDA Netlist Writer        ; fit.ee.ryerson.ca ; CentOS Linux ; CentOS Linux ; x86_64         ;
; EDA Netlist Writer        ; fit.ee.ryerson.ca ; CentOS Linux ; CentOS Linux ; x86_64         ;
; EDA Netlist Writer        ; fit.ee.ryerson.ca ; CentOS Linux ; CentOS Linux ; x86_64         ;
; EDA Netlist Writer        ; fit.ee.ryerson.ca ; CentOS Linux ; CentOS Linux ; x86_64         ;
; EDA Netlist Writer        ; fit.ee.ryerson.ca ; CentOS Linux ; CentOS Linux ; x86_64         ;
; EDA Netlist Writer        ; fit.ee.ryerson.ca ; CentOS Linux ; CentOS Linux ; x86_64         ;
; EDA Netlist Writer        ; fit.ee.ryerson.ca ; CentOS Linux ; CentOS Linux ; x86_64         ;
; EDA Netlist Writer        ; fit.ee.ryerson.ca ; CentOS Linux ; CentOS Linux ; x86_64         ;
; EDA Netlist Writer        ; fit.ee.ryerson.ca ; CentOS Linux ; CentOS Linux ; x86_64         ;
; EDA Netlist Writer        ; fit.ee.ryerson.ca ; CentOS Linux ; CentOS Linux ; x86_64         ;
; EDA Netlist Writer        ; fit.ee.ryerson.ca ; CentOS Linux ; CentOS Linux ; x86_64         ;
; EDA Netlist Writer        ; fit.ee.ryerson.ca ; CentOS Linux ; CentOS Linux ; x86_64         ;
; EDA Netlist Writer        ; fit.ee.ryerson.ca ; CentOS Linux ; CentOS Linux ; x86_64         ;
; EDA Netlist Writer        ; fit.ee.ryerson.ca ; CentOS Linux ; CentOS Linux ; x86_64         ;
; EDA Netlist Writer        ; fit.ee.ryerson.ca ; CentOS Linux ; CentOS Linux ; x86_64         ;
; EDA Netlist Writer        ; fit.ee.ryerson.ca ; CentOS Linux ; CentOS Linux ; x86_64         ;
+---------------------------+-------------------+--------------+--------------+----------------+


------------
; Flow Log ;
------------
quartus_map --read_settings_files=on --write_settings_files=off ControlUnit -c ControlUnit
quartus_fit --read_settings_files=off --write_settings_files=off ControlUnit -c ControlUnit
quartus_asm --read_settings_files=off --write_settings_files=off ControlUnit -c ControlUnit
quartus_sta ControlUnit -c ControlUnit
quartus_eda --read_settings_files=off --write_settings_files=off ControlUnit -c ControlUnit
quartus_eda --gen_testbench --check_outputs=on --tool=modelsim_oem --format=verilog ControlUnit -c ControlUnit --vector_source=/home/student1/jsivalog/Desktop/COE608/Lab5/LDAI.vwf --testbench_file=/home/student1/jsivalog/Desktop/COE608/Lab5/simulation/qsim/LDAI.vwf.vt
quartus_eda --functional=on --flatten_buses=off --simulation=on --tool=modelsim_oem --format=verilog --output_directory=/home/student1/jsivalog/Desktop/COE608/Lab5/simulation/qsim/ ControlUnit -c ControlUnit
quartus_eda --gen_testbench --check_outputs=on --tool=modelsim_oem --format=verilog ControlUnit -c ControlUnit --vector_source=/home/student1/jsivalog/Desktop/COE608/Lab5/LDAI.vwf --testbench_file=/home/student1/jsivalog/Desktop/COE608/Lab5/simulation/qsim/LDAI.vwf.vt
quartus_eda --functional=off --flatten_buses=off --timescale=1ps --simulation=on --tool=modelsim_oem --format=verilog --output_directory=/home/student1/jsivalog/Desktop/COE608/Lab5/simulation/qsim/ ControlUnit -c ControlUnit
quartus_eda --gen_testbench --check_outputs=on --tool=modelsim_oem --format=verilog ControlUnit -c ControlUnit --vector_source=/home/student1/jsivalog/Desktop/COE608/Lab5/LDAI.vwf --testbench_file=/home/student1/jsivalog/Desktop/COE608/Lab5/simulation/qsim/LDAI.vwf.vt
quartus_eda --functional=off --flatten_buses=off --timescale=1ps --simulation=on --tool=modelsim_oem --format=verilog --output_directory=/home/student1/jsivalog/Desktop/COE608/Lab5/simulation/qsim/ ControlUnit -c ControlUnit
quartus_eda --gen_testbench --check_outputs=on --tool=modelsim_oem --format=verilog ControlUnit -c ControlUnit --vector_source=/home/student1/jsivalog/Desktop/COE608/Lab5/LDAI.vwf --testbench_file=/home/student1/jsivalog/Desktop/COE608/Lab5/simulation/qsim/LDAI.vwf.vt
quartus_eda --functional=on --flatten_buses=off --simulation=on --tool=modelsim_oem --format=verilog --output_directory=/home/student1/jsivalog/Desktop/COE608/Lab5/simulation/qsim/ ControlUnit -c ControlUnit
quartus_eda --gen_testbench --check_outputs=on --tool=modelsim_oem --format=verilog ControlUnit -c ControlUnit --vector_source=/home/student1/jsivalog/Desktop/COE608/Lab5/LDAI.vwf --testbench_file=/home/student1/jsivalog/Desktop/COE608/Lab5/simulation/qsim/LDAI.vwf.vt
quartus_eda --functional=off --flatten_buses=off --timescale=1ps --simulation=on --tool=modelsim_oem --format=verilog --output_directory=/home/student1/jsivalog/Desktop/COE608/Lab5/simulation/qsim/ ControlUnit -c ControlUnit
quartus_eda --gen_testbench --check_outputs=on --tool=modelsim_oem --format=verilog ControlUnit -c ControlUnit --vector_source=/home/student1/jsivalog/Desktop/COE608/Lab5/LDBI.vwf --testbench_file=/home/student1/jsivalog/Desktop/COE608/Lab5/simulation/qsim/LDBI.vwf.vt
quartus_eda --functional=on --flatten_buses=off --simulation=on --tool=modelsim_oem --format=verilog --output_directory=/home/student1/jsivalog/Desktop/COE608/Lab5/simulation/qsim/ ControlUnit -c ControlUnit
quartus_eda --gen_testbench --check_outputs=on --tool=modelsim_oem --format=verilog ControlUnit -c ControlUnit --vector_source=/home/student1/jsivalog/Desktop/COE608/Lab5/LDBI.vwf --testbench_file=/home/student1/jsivalog/Desktop/COE608/Lab5/simulation/qsim/LDBI.vwf.vt
quartus_eda --functional=off --flatten_buses=off --timescale=1ps --simulation=on --tool=modelsim_oem --format=verilog --output_directory=/home/student1/jsivalog/Desktop/COE608/Lab5/simulation/qsim/ ControlUnit -c ControlUnit
quartus_eda --gen_testbench --check_outputs=on --tool=modelsim_oem --format=verilog ControlUnit -c ControlUnit --vector_source=/home/student1/jsivalog/Desktop/COE608/Lab5/LDBI.vwf --testbench_file=/home/student1/jsivalog/Desktop/COE608/Lab5/simulation/qsim/LDBI.vwf.vt
quartus_eda --functional=on --flatten_buses=off --simulation=on --tool=modelsim_oem --format=verilog --output_directory=/home/student1/jsivalog/Desktop/COE608/Lab5/simulation/qsim/ ControlUnit -c ControlUnit
quartus_eda --gen_testbench --check_outputs=on --tool=modelsim_oem --format=verilog ControlUnit -c ControlUnit --vector_source=/home/student1/jsivalog/Desktop/COE608/Lab5/STA.vwf --testbench_file=/home/student1/jsivalog/Desktop/COE608/Lab5/simulation/qsim/STA.vwf.vt
quartus_eda --functional=on --flatten_buses=off --simulation=on --tool=modelsim_oem --format=verilog --output_directory=/home/student1/jsivalog/Desktop/COE608/Lab5/simulation/qsim/ ControlUnit -c ControlUnit
quartus_eda --gen_testbench --check_outputs=on --tool=modelsim_oem --format=verilog ControlUnit -c ControlUnit --vector_source=/home/student1/jsivalog/Desktop/COE608/Lab5/STA.vwf --testbench_file=/home/student1/jsivalog/Desktop/COE608/Lab5/simulation/qsim/STA.vwf.vt
quartus_eda --functional=off --flatten_buses=off --timescale=1ps --simulation=on --tool=modelsim_oem --format=verilog --output_directory=/home/student1/jsivalog/Desktop/COE608/Lab5/simulation/qsim/ ControlUnit -c ControlUnit
quartus_eda --gen_testbench --check_outputs=on --tool=modelsim_oem --format=verilog ControlUnit -c ControlUnit --vector_source=/home/student1/jsivalog/Desktop/COE608/Lab5/Template.vwf --testbench_file=/home/student1/jsivalog/Desktop/COE608/Lab5/simulation/qsim/Template.vwf.vt
quartus_eda --functional=on --flatten_buses=off --simulation=on --tool=modelsim_oem --format=verilog --output_directory=/home/student1/jsivalog/Desktop/COE608/Lab5/simulation/qsim/ ControlUnit -c ControlUnit
quartus_eda --gen_testbench --check_outputs=on --tool=modelsim_oem --format=verilog ControlUnit -c ControlUnit --vector_source=/home/student1/jsivalog/Desktop/COE608/Lab5/STB.vwf --testbench_file=/home/student1/jsivalog/Desktop/COE608/Lab5/simulation/qsim/STB.vwf.vt
quartus_eda --functional=on --flatten_buses=off --simulation=on --tool=modelsim_oem --format=verilog --output_directory=/home/student1/jsivalog/Desktop/COE608/Lab5/simulation/qsim/ ControlUnit -c ControlUnit
quartus_eda --gen_testbench --check_outputs=on --tool=modelsim_oem --format=verilog ControlUnit -c ControlUnit --vector_source=/home/student1/jsivalog/Desktop/COE608/Lab5/STB.vwf --testbench_file=/home/student1/jsivalog/Desktop/COE608/Lab5/simulation/qsim/STB.vwf.vt
quartus_eda --functional=off --flatten_buses=off --timescale=1ps --simulation=on --tool=modelsim_oem --format=verilog --output_directory=/home/student1/jsivalog/Desktop/COE608/Lab5/simulation/qsim/ ControlUnit -c ControlUnit
quartus_eda --gen_testbench --check_outputs=on --tool=modelsim_oem --format=verilog ControlUnit -c ControlUnit --vector_source=/home/student1/jsivalog/Desktop/COE608/Lab5/LDA.vwf --testbench_file=/home/student1/jsivalog/Desktop/COE608/Lab5/simulation/qsim/LDA.vwf.vt
quartus_eda --functional=off --flatten_buses=off --timescale=1ps --simulation=on --tool=modelsim_oem --format=verilog --output_directory=/home/student1/jsivalog/Desktop/COE608/Lab5/simulation/qsim/ ControlUnit -c ControlUnit
quartus_eda --gen_testbench --check_outputs=on --tool=modelsim_oem --format=verilog ControlUnit -c ControlUnit --vector_source=/home/student1/jsivalog/Desktop/COE608/Lab5/LDB.vwf --testbench_file=/home/student1/jsivalog/Desktop/COE608/Lab5/simulation/qsim/LDB.vwf.vt
quartus_eda --functional=off --flatten_buses=off --timescale=1ps --simulation=on --tool=modelsim_oem --format=verilog --output_directory=/home/student1/jsivalog/Desktop/COE608/Lab5/simulation/qsim/ ControlUnit -c ControlUnit
quartus_eda --gen_testbench --check_outputs=on --tool=modelsim_oem --format=verilog ControlUnit -c ControlUnit --vector_source=/home/student1/jsivalog/Desktop/COE608/Lab5/LUI.vwf --testbench_file=/home/student1/jsivalog/Desktop/COE608/Lab5/simulation/qsim/LUI.vwf.vt
quartus_eda --functional=off --flatten_buses=off --timescale=1ps --simulation=on --tool=modelsim_oem --format=verilog --output_directory=/home/student1/jsivalog/Desktop/COE608/Lab5/simulation/qsim/ ControlUnit -c ControlUnit
quartus_eda --gen_testbench --check_outputs=on --tool=modelsim_oem --format=verilog ControlUnit -c ControlUnit --vector_source=/home/student1/jsivalog/Desktop/COE608/Lab5/JMP.vwf --testbench_file=/home/student1/jsivalog/Desktop/COE608/Lab5/simulation/qsim/JMP.vwf.vt
quartus_eda --functional=off --flatten_buses=off --timescale=1ps --simulation=on --tool=modelsim_oem --format=verilog --output_directory=/home/student1/jsivalog/Desktop/COE608/Lab5/simulation/qsim/ ControlUnit -c ControlUnit
quartus_eda --gen_testbench --check_outputs=on --tool=modelsim_oem --format=verilog ControlUnit -c ControlUnit --vector_source=/home/student1/jsivalog/Desktop/COE608/Lab5/BEQ.vwf --testbench_file=/home/student1/jsivalog/Desktop/COE608/Lab5/simulation/qsim/BEQ.vwf.vt
quartus_eda --functional=off --flatten_buses=off --timescale=1ps --simulation=on --tool=modelsim_oem --format=verilog --output_directory=/home/student1/jsivalog/Desktop/COE608/Lab5/simulation/qsim/ ControlUnit -c ControlUnit
quartus_eda --gen_testbench --check_outputs=on --tool=modelsim_oem --format=verilog ControlUnit -c ControlUnit --vector_source=/home/student1/jsivalog/Desktop/COE608/Lab5/BNE.vwf --testbench_file=/home/student1/jsivalog/Desktop/COE608/Lab5/simulation/qsim/BNE.vwf.vt
quartus_eda --functional=off --flatten_buses=off --timescale=1ps --simulation=on --tool=modelsim_oem --format=verilog --output_directory=/home/student1/jsivalog/Desktop/COE608/Lab5/simulation/qsim/ ControlUnit -c ControlUnit
quartus_eda --gen_testbench --check_outputs=on --tool=modelsim_oem --format=verilog ControlUnit -c ControlUnit --vector_source=/home/student1/jsivalog/Desktop/COE608/Lab5/ADD.vwf --testbench_file=/home/student1/jsivalog/Desktop/COE608/Lab5/simulation/qsim/ADD.vwf.vt
quartus_eda --functional=off --flatten_buses=off --timescale=1ps --simulation=on --tool=modelsim_oem --format=verilog --output_directory=/home/student1/jsivalog/Desktop/COE608/Lab5/simulation/qsim/ ControlUnit -c ControlUnit
quartus_eda --gen_testbench --check_outputs=on --tool=modelsim_oem --format=verilog ControlUnit -c ControlUnit --vector_source=/home/student1/jsivalog/Desktop/COE608/Lab5/ADDI.vwf --testbench_file=/home/student1/jsivalog/Desktop/COE608/Lab5/simulation/qsim/ADDI.vwf.vt
quartus_eda --functional=off --flatten_buses=off --timescale=1ps --simulation=on --tool=modelsim_oem --format=verilog --output_directory=/home/student1/jsivalog/Desktop/COE608/Lab5/simulation/qsim/ ControlUnit -c ControlUnit
quartus_eda --gen_testbench --check_outputs=on --tool=modelsim_oem --format=verilog ControlUnit -c ControlUnit --vector_source=/home/student1/jsivalog/Desktop/COE608/Lab5/SUB.vwf --testbench_file=/home/student1/jsivalog/Desktop/COE608/Lab5/simulation/qsim/SUB.vwf.vt
quartus_eda --functional=off --flatten_buses=off --timescale=1ps --simulation=on --tool=modelsim_oem --format=verilog --output_directory=/home/student1/jsivalog/Desktop/COE608/Lab5/simulation/qsim/ ControlUnit -c ControlUnit
quartus_eda --gen_testbench --check_outputs=on --tool=modelsim_oem --format=verilog ControlUnit -c ControlUnit --vector_source=/home/student1/jsivalog/Desktop/COE608/Lab5/INCA.vwf --testbench_file=/home/student1/jsivalog/Desktop/COE608/Lab5/simulation/qsim/INCA.vwf.vt
quartus_eda --functional=off --flatten_buses=off --timescale=1ps --simulation=on --tool=modelsim_oem --format=verilog --output_directory=/home/student1/jsivalog/Desktop/COE608/Lab5/simulation/qsim/ ControlUnit -c ControlUnit
quartus_eda --gen_testbench --check_outputs=on --tool=modelsim_oem --format=verilog ControlUnit -c ControlUnit --vector_source=/home/student1/jsivalog/Desktop/COE608/Lab5/ROL.vwf --testbench_file=/home/student1/jsivalog/Desktop/COE608/Lab5/simulation/qsim/ROL.vwf.vt
quartus_eda --functional=off --flatten_buses=off --timescale=1ps --simulation=on --tool=modelsim_oem --format=verilog --output_directory=/home/student1/jsivalog/Desktop/COE608/Lab5/simulation/qsim/ ControlUnit -c ControlUnit
quartus_eda --gen_testbench --check_outputs=on --tool=modelsim_oem --format=verilog ControlUnit -c ControlUnit --vector_source=/home/student1/jsivalog/Desktop/COE608/Lab5/CLRA.vwf --testbench_file=/home/student1/jsivalog/Desktop/COE608/Lab5/simulation/qsim/CLRA.vwf.vt
quartus_eda --functional=off --flatten_buses=off --timescale=1ps --simulation=on --tool=modelsim_oem --format=verilog --output_directory=/home/student1/jsivalog/Desktop/COE608/Lab5/simulation/qsim/ ControlUnit -c ControlUnit
quartus_eda --gen_testbench --check_outputs=on --tool=modelsim_oem --format=verilog ControlUnit -c ControlUnit --vector_source=/home/student1/jsivalog/Desktop/COE608/Lab5/CLRB.vwf --testbench_file=/home/student1/jsivalog/Desktop/COE608/Lab5/simulation/qsim/CLRB.vwf.vt
quartus_eda --functional=off --flatten_buses=off --timescale=1ps --simulation=on --tool=modelsim_oem --format=verilog --output_directory=/home/student1/jsivalog/Desktop/COE608/Lab5/simulation/qsim/ ControlUnit -c ControlUnit
quartus_eda --gen_testbench --check_outputs=on --tool=modelsim_oem --format=verilog ControlUnit -c ControlUnit --vector_source=/home/student1/jsivalog/Desktop/COE608/Lab5/ANDI.vwf --testbench_file=/home/student1/jsivalog/Desktop/COE608/Lab5/simulation/qsim/ANDI.vwf.vt
quartus_eda --functional=off --flatten_buses=off --timescale=1ps --simulation=on --tool=modelsim_oem --format=verilog --output_directory=/home/student1/jsivalog/Desktop/COE608/Lab5/simulation/qsim/ ControlUnit -c ControlUnit
quartus_eda --gen_testbench --check_outputs=on --tool=modelsim_oem --format=verilog ControlUnit -c ControlUnit --vector_source=/home/student1/jsivalog/Desktop/COE608/Lab5/AND.vwf --testbench_file=/home/student1/jsivalog/Desktop/COE608/Lab5/simulation/qsim/AND.vwf.vt
quartus_eda --functional=off --flatten_buses=off --timescale=1ps --simulation=on --tool=modelsim_oem --format=verilog --output_directory=/home/student1/jsivalog/Desktop/COE608/Lab5/simulation/qsim/ ControlUnit -c ControlUnit
quartus_eda --gen_testbench --check_outputs=on --tool=modelsim_oem --format=verilog ControlUnit -c ControlUnit --vector_source=/home/student1/jsivalog/Desktop/COE608/Lab5/ORI.vwf --testbench_file=/home/student1/jsivalog/Desktop/COE608/Lab5/simulation/qsim/ORI.vwf.vt
quartus_eda --functional=off --flatten_buses=off --timescale=1ps --simulation=on --tool=modelsim_oem --format=verilog --output_directory=/home/student1/jsivalog/Desktop/COE608/Lab5/simulation/qsim/ ControlUnit -c ControlUnit
quartus_eda --gen_testbench --check_outputs=on --tool=modelsim_oem --format=verilog ControlUnit -c ControlUnit --vector_source=/home/student1/jsivalog/Desktop/COE608/Lab5/DECA.vwf --testbench_file=/home/student1/jsivalog/Desktop/COE608/Lab5/simulation/qsim/DECA.vwf.vt
quartus_eda --functional=off --flatten_buses=off --timescale=1ps --simulation=on --tool=modelsim_oem --format=verilog --output_directory=/home/student1/jsivalog/Desktop/COE608/Lab5/simulation/qsim/ ControlUnit -c ControlUnit
quartus_eda --gen_testbench --check_outputs=on --tool=modelsim_oem --format=verilog ControlUnit -c ControlUnit --vector_source=/home/student1/jsivalog/Desktop/COE608/Lab5/ROR.vwf --testbench_file=/home/student1/jsivalog/Desktop/COE608/Lab5/simulation/qsim/ROR.vwf.vt
quartus_eda --functional=off --flatten_buses=off --timescale=1ps --simulation=on --tool=modelsim_oem --format=verilog --output_directory=/home/student1/jsivalog/Desktop/COE608/Lab5/simulation/qsim/ ControlUnit -c ControlUnit



