Analysis & Synthesis report for ALU
Fri Feb 11 14:42:56 2022
Quartus II 64-Bit Version 14.0.2 Build 209 09/17/2014 SJ Full Version


---------------------
; Table of Contents ;
---------------------
  1. Legal Notice
  2. Analysis & Synthesis Summary
  3. Analysis & Synthesis Settings
  4. Parallel Compilation
  5. Analysis & Synthesis Source Files Read
  6. Analysis & Synthesis Resource Usage Summary
  7. Analysis & Synthesis Resource Utilization by Entity
  8. General Register Statistics
  9. Multiplexer Restructuring Statistics (Restructuring Performed)
 10. Port Connectivity Checks: "adder32:add0|adder16:stage0|adder4:stage0|fulladd:stage2"
 11. Port Connectivity Checks: "adder32:add0|adder16:stage0|adder4:stage0|fulladd:stage1"
 12. Port Connectivity Checks: "adder32:add0|adder16:stage0|adder4:stage0|fulladd:stage0"
 13. Post-Synthesis Netlist Statistics for Top Partition
 14. Elapsed Time Per Partition
 15. Analysis & Synthesis Messages



----------------
; Legal Notice ;
----------------
Copyright (C) 1991-2014 Altera Corporation. All rights reserved.
Your use of Altera Corporation's design tools, logic functions 
and other software and tools, and its AMPP partner logic 
functions, and any output files from any of the foregoing 
(including device programming or simulation files), and any 
associated documentation or information are expressly subject 
to the terms and conditions of the Altera Program License 
Subscription Agreement, the Altera Quartus II License Agreement,
the Altera MegaCore Function License Agreement, or other 
applicable license agreement, including, without limitation, 
that your use is for the sole purpose of programming logic 
devices manufactured by Altera and sold by Altera or its 
authorized distributors.  Please refer to the applicable 
agreement for further details.



+----------------------------------------------------------------------------------+
; Analysis & Synthesis Summary                                                     ;
+------------------------------------+---------------------------------------------+
; Analysis & Synthesis Status        ; Successful - Fri Feb 11 14:42:56 2022       ;
; Quartus II 64-Bit Version          ; 14.0.2 Build 209 09/17/2014 SJ Full Version ;
; Revision Name                      ; ALU                                         ;
; Top-level Entity Name              ; ALU                                         ;
; Family                             ; Cyclone IV E                                ;
; Total logic elements               ; 213                                         ;
;     Total combinational functions  ; 213                                         ;
;     Dedicated logic registers      ; 0                                           ;
; Total registers                    ; 0                                           ;
; Total pins                         ; 101                                         ;
; Total virtual pins                 ; 0                                           ;
; Total memory bits                  ; 0                                           ;
; Embedded Multiplier 9-bit elements ; 0                                           ;
; Total PLLs                         ; 0                                           ;
+------------------------------------+---------------------------------------------+


+----------------------------------------------------------------------------------------------------------------------+
; Analysis & Synthesis Settings                                                                                        ;
+----------------------------------------------------------------------------+--------------------+--------------------+
; Option                                                                     ; Setting            ; Default Value      ;
+----------------------------------------------------------------------------+--------------------+--------------------+
; Device                                                                     ; EP4CE115F29C7      ;                    ;
; Top-level entity name                                                      ; ALU                ; ALU                ;
; Family name                                                                ; Cyclone IV E       ; Cyclone IV GX      ;
; Use smart compilation                                                      ; Off                ; Off                ;
; Enable parallel Assembler and TimeQuest Timing Analyzer during compilation ; On                 ; On                 ;
; Enable compact report table                                                ; Off                ; Off                ;
; Restructure Multiplexers                                                   ; Auto               ; Auto               ;
; Create Debugging Nodes for IP Cores                                        ; Off                ; Off                ;
; Preserve fewer node names                                                  ; On                 ; On                 ;
; Disable OpenCore Plus hardware evaluation                                  ; Off                ; Off                ;
; Verilog Version                                                            ; Verilog_2001       ; Verilog_2001       ;
; VHDL Version                                                               ; VHDL_1993          ; VHDL_1993          ;
; State Machine Processing                                                   ; Auto               ; Auto               ;
; Safe State Machine                                                         ; Off                ; Off                ;
; Extract Verilog State Machines                                             ; On                 ; On                 ;
; Extract VHDL State Machines                                                ; On                 ; On                 ;
; Ignore Verilog initial constructs                                          ; Off                ; Off                ;
; Iteration limit for constant Verilog loops                                 ; 5000               ; 5000               ;
; Iteration limit for non-constant Verilog loops                             ; 250                ; 250                ;
; Add Pass-Through Logic to Inferred RAMs                                    ; On                 ; On                 ;
; Infer RAMs from Raw Logic                                                  ; On                 ; On                 ;
; Parallel Synthesis                                                         ; On                 ; On                 ;
; DSP Block Balancing                                                        ; Auto               ; Auto               ;
; NOT Gate Push-Back                                                         ; On                 ; On                 ;
; Power-Up Don't Care                                                        ; On                 ; On                 ;
; Remove Redundant Logic Cells                                               ; Off                ; Off                ;
; Remove Duplicate Registers                                                 ; On                 ; On                 ;
; Ignore CARRY Buffers                                                       ; Off                ; Off                ;
; Ignore CASCADE Buffers                                                     ; Off                ; Off                ;
; Ignore GLOBAL Buffers                                                      ; Off                ; Off                ;
; Ignore ROW GLOBAL Buffers                                                  ; Off                ; Off                ;
; Ignore LCELL Buffers                                                       ; Off                ; Off                ;
; Ignore SOFT Buffers                                                        ; On                 ; On                 ;
; Limit AHDL Integers to 32 Bits                                             ; Off                ; Off                ;
; Optimization Technique                                                     ; Balanced           ; Balanced           ;
; Carry Chain Length                                                         ; 70                 ; 70                 ;
; Auto Carry Chains                                                          ; On                 ; On                 ;
; Auto Open-Drain Pins                                                       ; On                 ; On                 ;
; Perform WYSIWYG Primitive Resynthesis                                      ; Off                ; Off                ;
; Auto ROM Replacement                                                       ; On                 ; On                 ;
; Auto RAM Replacement                                                       ; On                 ; On                 ;
; Auto DSP Block Replacement                                                 ; On                 ; On                 ;
; Auto Shift Register Replacement                                            ; Auto               ; Auto               ;
; Allow Shift Register Merging across Hierarchies                            ; Auto               ; Auto               ;
; Auto Clock Enable Replacement                                              ; On                 ; On                 ;
; Strict RAM Replacement                                                     ; Off                ; Off                ;
; Allow Synchronous Control Signals                                          ; On                 ; On                 ;
; Force Use of Synchronous Clear Signals                                     ; Off                ; Off                ;
; Auto RAM Block Balancing                                                   ; On                 ; On                 ;
; Auto RAM to Logic Cell Conversion                                          ; Off                ; Off                ;
; Auto Resource Sharing                                                      ; Off                ; Off                ;
; Allow Any RAM Size For Recognition                                         ; Off                ; Off                ;
; Allow Any ROM Size For Recognition                                         ; Off                ; Off                ;
; Allow Any Shift Register Size For Recognition                              ; Off                ; Off                ;
; Use LogicLock Constraints during Resource Balancing                        ; On                 ; On                 ;
; Ignore translate_off and synthesis_off directives                          ; Off                ; Off                ;
; Timing-Driven Synthesis                                                    ; On                 ; On                 ;
; Report Parameter Settings                                                  ; On                 ; On                 ;
; Report Source Assignments                                                  ; On                 ; On                 ;
; Report Connectivity Checks                                                 ; On                 ; On                 ;
; Ignore Maximum Fan-Out Assignments                                         ; Off                ; Off                ;
; Synchronization Register Chain Length                                      ; 2                  ; 2                  ;
; PowerPlay Power Optimization                                               ; Normal compilation ; Normal compilation ;
; HDL message level                                                          ; Level2             ; Level2             ;
; Suppress Register Optimization Related Messages                            ; Off                ; Off                ;
; Number of Removed Registers Reported in Synthesis Report                   ; 5000               ; 5000               ;
; Number of Swept Nodes Reported in Synthesis Report                         ; 5000               ; 5000               ;
; Number of Inverted Registers Reported in Synthesis Report                  ; 100                ; 100                ;
; Clock MUX Protection                                                       ; On                 ; On                 ;
; Auto Gated Clock Conversion                                                ; Off                ; Off                ;
; Block Design Naming                                                        ; Auto               ; Auto               ;
; SDC constraint protection                                                  ; Off                ; Off                ;
; Synthesis Effort                                                           ; Auto               ; Auto               ;
; Shift Register Replacement - Allow Asynchronous Clear Signal               ; On                 ; On                 ;
; Pre-Mapping Resynthesis Optimization                                       ; Off                ; Off                ;
; Analysis & Synthesis Message Level                                         ; Medium             ; Medium             ;
; Disable Register Merging Across Hierarchies                                ; Auto               ; Auto               ;
; Resource Aware Inference For Block RAM                                     ; On                 ; On                 ;
; Synthesis Seed                                                             ; 1                  ; 1                  ;
+----------------------------------------------------------------------------+--------------------+--------------------+


+------------------------------------------+
; Parallel Compilation                     ;
+----------------------------+-------------+
; Processors                 ; Number      ;
+----------------------------+-------------+
; Number detected on machine ; 8           ;
; Maximum allowed            ; 4           ;
;                            ;             ;
; Average used               ; 1.00        ;
; Maximum used               ; 1           ;
;                            ;             ;
; Usage by Processor         ; % Time Used ;
;     Processor 1            ; 100.0%      ;
;     Processors 2-8         ;   0.0%      ;
+----------------------------+-------------+


+------------------------------------------------------------------------------------------------------------------------------------------+
; Analysis & Synthesis Source Files Read                                                                                                   ;
+----------------------------------+-----------------+-----------------+---------------------------------------------------------+---------+
; File Name with User-Entered Path ; Used in Netlist ; File Type       ; File Name with Absolute Path                            ; Library ;
+----------------------------------+-----------------+-----------------+---------------------------------------------------------+---------+
; fulladd.vhd                      ; yes             ; User VHDL File  ; /home/student1/jsivalog/Desktop/COE608/Lab3/fulladd.vhd ;         ;
; adder4.vhd                       ; yes             ; User VHDL File  ; /home/student1/jsivalog/Desktop/COE608/Lab3/adder4.vhd  ;         ;
; adder16.vhd                      ; yes             ; User VHDL File  ; /home/student1/jsivalog/Desktop/COE608/Lab3/adder16.vhd ;         ;
; adder32.vhd                      ; yes             ; User VHDL File  ; /home/student1/jsivalog/Desktop/COE608/Lab3/adder32.vhd ;         ;
; ALU.vhd                          ; yes             ; User VHDL File  ; /home/student1/jsivalog/Desktop/COE608/Lab3/ALU.vhd     ;         ;
+----------------------------------+-----------------+-----------------+---------------------------------------------------------+---------+


+-----------------------------------------------------------+
; Analysis & Synthesis Resource Usage Summary               ;
+---------------------------------------------+-------------+
; Resource                                    ; Usage       ;
+---------------------------------------------+-------------+
; Estimated Total logic elements              ; 213         ;
;                                             ;             ;
; Total combinational functions               ; 213         ;
; Logic element usage by number of LUT inputs ;             ;
;     -- 4 input functions                    ; 138         ;
;     -- 3 input functions                    ; 73          ;
;     -- <=2 input functions                  ; 2           ;
;                                             ;             ;
; Logic elements by mode                      ;             ;
;     -- normal mode                          ; 213         ;
;     -- arithmetic mode                      ; 0           ;
;                                             ;             ;
; Total registers                             ; 0           ;
;     -- Dedicated logic registers            ; 0           ;
;     -- I/O registers                        ; 0           ;
;                                             ;             ;
; I/O pins                                    ; 101         ;
; Embedded Multiplier 9-bit elements          ; 0           ;
; Maximum fan-out node                        ; op[0]~input ;
; Maximum fan-out                             ; 120         ;
; Total fan-out                               ; 910         ;
; Average fan-out                             ; 2.19        ;
+---------------------------------------------+-------------+


+-------------------------------------------------------------------------------------------------------------------------------------------------------------------------------------------------------------------------+
; Analysis & Synthesis Resource Utilization by Entity                                                                                                                                                                     ;
+------------------------------+-------------------+--------------+-------------+--------------+---------+-----------+------+--------------+---------------------------------------------------------------+--------------+
; Compilation Hierarchy Node   ; LC Combinationals ; LC Registers ; Memory Bits ; DSP Elements ; DSP 9x9 ; DSP 18x18 ; Pins ; Virtual Pins ; Full Hierarchy Name                                           ; Library Name ;
+------------------------------+-------------------+--------------+-------------+--------------+---------+-----------+------+--------------+---------------------------------------------------------------+--------------+
; |ALU                         ; 213 (171)         ; 0 (0)        ; 0           ; 0            ; 0       ; 0         ; 101  ; 0            ; |ALU                                                          ; work         ;
;    |adder32:add0|            ; 7 (0)             ; 0 (0)        ; 0           ; 0            ; 0       ; 0         ; 0    ; 0            ; |ALU|adder32:add0                                             ; work         ;
;       |adder16:stage0|       ; 4 (0)             ; 0 (0)        ; 0           ; 0            ; 0       ; 0         ; 0    ; 0            ; |ALU|adder32:add0|adder16:stage0                              ; work         ;
;          |adder4:stage0|     ; 1 (0)             ; 0 (0)        ; 0           ; 0            ; 0       ; 0         ; 0    ; 0            ; |ALU|adder32:add0|adder16:stage0|adder4:stage0                ; work         ;
;             |fulladd:stage3| ; 1 (1)             ; 0 (0)        ; 0           ; 0            ; 0       ; 0         ; 0    ; 0            ; |ALU|adder32:add0|adder16:stage0|adder4:stage0|fulladd:stage3 ; work         ;
;          |adder4:stage1|     ; 1 (0)             ; 0 (0)        ; 0           ; 0            ; 0       ; 0         ; 0    ; 0            ; |ALU|adder32:add0|adder16:stage0|adder4:stage1                ; work         ;
;             |fulladd:stage3| ; 1 (1)             ; 0 (0)        ; 0           ; 0            ; 0       ; 0         ; 0    ; 0            ; |ALU|adder32:add0|adder16:stage0|adder4:stage1|fulladd:stage3 ; work         ;
;          |adder4:stage2|     ; 1 (0)             ; 0 (0)        ; 0           ; 0            ; 0       ; 0         ; 0    ; 0            ; |ALU|adder32:add0|adder16:stage0|adder4:stage2                ; work         ;
;             |fulladd:stage3| ; 1 (1)             ; 0 (0)        ; 0           ; 0            ; 0       ; 0         ; 0    ; 0            ; |ALU|adder32:add0|adder16:stage0|adder4:stage2|fulladd:stage3 ; work         ;
;          |adder4:stage3|     ; 1 (0)             ; 0 (0)        ; 0           ; 0            ; 0       ; 0         ; 0    ; 0            ; |ALU|adder32:add0|adder16:stage0|adder4:stage3                ; work         ;
;             |fulladd:stage3| ; 1 (1)             ; 0 (0)        ; 0           ; 0            ; 0       ; 0         ; 0    ; 0            ; |ALU|adder32:add0|adder16:stage0|adder4:stage3|fulladd:stage3 ; work         ;
;       |adder16:stage1|       ; 3 (0)             ; 0 (0)        ; 0           ; 0            ; 0       ; 0         ; 0    ; 0            ; |ALU|adder32:add0|adder16:stage1                              ; work         ;
;          |adder4:stage0|     ; 1 (0)             ; 0 (0)        ; 0           ; 0            ; 0       ; 0         ; 0    ; 0            ; |ALU|adder32:add0|adder16:stage1|adder4:stage0                ; work         ;
;             |fulladd:stage3| ; 1 (1)             ; 0 (0)        ; 0           ; 0            ; 0       ; 0         ; 0    ; 0            ; |ALU|adder32:add0|adder16:stage1|adder4:stage0|fulladd:stage3 ; work         ;
;          |adder4:stage1|     ; 1 (0)             ; 0 (0)        ; 0           ; 0            ; 0       ; 0         ; 0    ; 0            ; |ALU|adder32:add0|adder16:stage1|adder4:stage1                ; work         ;
;             |fulladd:stage3| ; 1 (1)             ; 0 (0)        ; 0           ; 0            ; 0       ; 0         ; 0    ; 0            ; |ALU|adder32:add0|adder16:stage1|adder4:stage1|fulladd:stage3 ; work         ;
;          |adder4:stage2|     ; 1 (0)             ; 0 (0)        ; 0           ; 0            ; 0       ; 0         ; 0    ; 0            ; |ALU|adder32:add0|adder16:stage1|adder4:stage2                ; work         ;
;             |fulladd:stage3| ; 1 (1)             ; 0 (0)        ; 0           ; 0            ; 0       ; 0         ; 0    ; 0            ; |ALU|adder32:add0|adder16:stage1|adder4:stage2|fulladd:stage3 ; work         ;
;    |adder32:sub0|            ; 35 (0)            ; 0 (0)        ; 0           ; 0            ; 0       ; 0         ; 0    ; 0            ; |ALU|adder32:sub0                                             ; work         ;
;       |adder16:stage0|       ; 16 (0)            ; 0 (0)        ; 0           ; 0            ; 0       ; 0         ; 0    ; 0            ; |ALU|adder32:sub0|adder16:stage0                              ; work         ;
;          |adder4:stage0|     ; 1 (0)             ; 0 (0)        ; 0           ; 0            ; 0       ; 0         ; 0    ; 0            ; |ALU|adder32:sub0|adder16:stage0|adder4:stage0                ; work         ;
;             |fulladd:stage3| ; 1 (1)             ; 0 (0)        ; 0           ; 0            ; 0       ; 0         ; 0    ; 0            ; |ALU|adder32:sub0|adder16:stage0|adder4:stage0|fulladd:stage3 ; work         ;
;          |adder4:stage1|     ; 5 (0)             ; 0 (0)        ; 0           ; 0            ; 0       ; 0         ; 0    ; 0            ; |ALU|adder32:sub0|adder16:stage0|adder4:stage1                ; work         ;
;             |fulladd:stage0| ; 1 (1)             ; 0 (0)        ; 0           ; 0            ; 0       ; 0         ; 0    ; 0            ; |ALU|adder32:sub0|adder16:stage0|adder4:stage1|fulladd:stage0 ; work         ;
;             |fulladd:stage1| ; 1 (1)             ; 0 (0)        ; 0           ; 0            ; 0       ; 0         ; 0    ; 0            ; |ALU|adder32:sub0|adder16:stage0|adder4:stage1|fulladd:stage1 ; work         ;
;             |fulladd:stage2| ; 1 (1)             ; 0 (0)        ; 0           ; 0            ; 0       ; 0         ; 0    ; 0            ; |ALU|adder32:sub0|adder16:stage0|adder4:stage1|fulladd:stage2 ; work         ;
;             |fulladd:stage3| ; 2 (2)             ; 0 (0)        ; 0           ; 0            ; 0       ; 0         ; 0    ; 0            ; |ALU|adder32:sub0|adder16:stage0|adder4:stage1|fulladd:stage3 ; work         ;
;          |adder4:stage2|     ; 5 (0)             ; 0 (0)        ; 0           ; 0            ; 0       ; 0         ; 0    ; 0            ; |ALU|adder32:sub0|adder16:stage0|adder4:stage2                ; work         ;
;             |fulladd:stage0| ; 1 (1)             ; 0 (0)        ; 0           ; 0            ; 0       ; 0         ; 0    ; 0            ; |ALU|adder32:sub0|adder16:stage0|adder4:stage2|fulladd:stage0 ; work         ;
;             |fulladd:stage1| ; 1 (1)             ; 0 (0)        ; 0           ; 0            ; 0       ; 0         ; 0    ; 0            ; |ALU|adder32:sub0|adder16:stage0|adder4:stage2|fulladd:stage1 ; work         ;
;             |fulladd:stage2| ; 1 (1)             ; 0 (0)        ; 0           ; 0            ; 0       ; 0         ; 0    ; 0            ; |ALU|adder32:sub0|adder16:stage0|adder4:stage2|fulladd:stage2 ; work         ;
;             |fulladd:stage3| ; 2 (2)             ; 0 (0)        ; 0           ; 0            ; 0       ; 0         ; 0    ; 0            ; |ALU|adder32:sub0|adder16:stage0|adder4:stage2|fulladd:stage3 ; work         ;
;          |adder4:stage3|     ; 5 (0)             ; 0 (0)        ; 0           ; 0            ; 0       ; 0         ; 0    ; 0            ; |ALU|adder32:sub0|adder16:stage0|adder4:stage3                ; work         ;
;             |fulladd:stage0| ; 1 (1)             ; 0 (0)        ; 0           ; 0            ; 0       ; 0         ; 0    ; 0            ; |ALU|adder32:sub0|adder16:stage0|adder4:stage3|fulladd:stage0 ; work         ;
;             |fulladd:stage1| ; 1 (1)             ; 0 (0)        ; 0           ; 0            ; 0       ; 0         ; 0    ; 0            ; |ALU|adder32:sub0|adder16:stage0|adder4:stage3|fulladd:stage1 ; work         ;
;             |fulladd:stage2| ; 1 (1)             ; 0 (0)        ; 0           ; 0            ; 0       ; 0         ; 0    ; 0            ; |ALU|adder32:sub0|adder16:stage0|adder4:stage3|fulladd:stage2 ; work         ;
;             |fulladd:stage3| ; 2 (2)             ; 0 (0)        ; 0           ; 0            ; 0       ; 0         ; 0    ; 0            ; |ALU|adder32:sub0|adder16:stage0|adder4:stage3|fulladd:stage3 ; work         ;
;       |adder16:stage1|       ; 19 (0)            ; 0 (0)        ; 0           ; 0            ; 0       ; 0         ; 0    ; 0            ; |ALU|adder32:sub0|adder16:stage1                              ; work         ;
;          |adder4:stage0|     ; 5 (0)             ; 0 (0)        ; 0           ; 0            ; 0       ; 0         ; 0    ; 0            ; |ALU|adder32:sub0|adder16:stage1|adder4:stage0                ; work         ;
;             |fulladd:stage0| ; 1 (1)             ; 0 (0)        ; 0           ; 0            ; 0       ; 0         ; 0    ; 0            ; |ALU|adder32:sub0|adder16:stage1|adder4:stage0|fulladd:stage0 ; work         ;
;             |fulladd:stage1| ; 1 (1)             ; 0 (0)        ; 0           ; 0            ; 0       ; 0         ; 0    ; 0            ; |ALU|adder32:sub0|adder16:stage1|adder4:stage0|fulladd:stage1 ; work         ;
;             |fulladd:stage2| ; 1 (1)             ; 0 (0)        ; 0           ; 0            ; 0       ; 0         ; 0    ; 0            ; |ALU|adder32:sub0|adder16:stage1|adder4:stage0|fulladd:stage2 ; work         ;
;             |fulladd:stage3| ; 2 (2)             ; 0 (0)        ; 0           ; 0            ; 0       ; 0         ; 0    ; 0            ; |ALU|adder32:sub0|adder16:stage1|adder4:stage0|fulladd:stage3 ; work         ;
;          |adder4:stage1|     ; 5 (0)             ; 0 (0)        ; 0           ; 0            ; 0       ; 0         ; 0    ; 0            ; |ALU|adder32:sub0|adder16:stage1|adder4:stage1                ; work         ;
;             |fulladd:stage0| ; 1 (1)             ; 0 (0)        ; 0           ; 0            ; 0       ; 0         ; 0    ; 0            ; |ALU|adder32:sub0|adder16:stage1|adder4:stage1|fulladd:stage0 ; work         ;
;             |fulladd:stage1| ; 1 (1)             ; 0 (0)        ; 0           ; 0            ; 0       ; 0         ; 0    ; 0            ; |ALU|adder32:sub0|adder16:stage1|adder4:stage1|fulladd:stage1 ; work         ;
;             |fulladd:stage2| ; 1 (1)             ; 0 (0)        ; 0           ; 0            ; 0       ; 0         ; 0    ; 0            ; |ALU|adder32:sub0|adder16:stage1|adder4:stage1|fulladd:stage2 ; work         ;
;             |fulladd:stage3| ; 2 (2)             ; 0 (0)        ; 0           ; 0            ; 0       ; 0         ; 0    ; 0            ; |ALU|adder32:sub0|adder16:stage1|adder4:stage1|fulladd:stage3 ; work         ;
;          |adder4:stage2|     ; 5 (0)             ; 0 (0)        ; 0           ; 0            ; 0       ; 0         ; 0    ; 0            ; |ALU|adder32:sub0|adder16:stage1|adder4:stage2                ; work         ;
;             |fulladd:stage0| ; 1 (1)             ; 0 (0)        ; 0           ; 0            ; 0       ; 0         ; 0    ; 0            ; |ALU|adder32:sub0|adder16:stage1|adder4:stage2|fulladd:stage0 ; work         ;
;             |fulladd:stage1| ; 1 (1)             ; 0 (0)        ; 0           ; 0            ; 0       ; 0         ; 0    ; 0            ; |ALU|adder32:sub0|adder16:stage1|adder4:stage2|fulladd:stage1 ; work         ;
;             |fulladd:stage2| ; 1 (1)             ; 0 (0)        ; 0           ; 0            ; 0       ; 0         ; 0    ; 0            ; |ALU|adder32:sub0|adder16:stage1|adder4:stage2|fulladd:stage2 ; work         ;
;             |fulladd:stage3| ; 2 (2)             ; 0 (0)        ; 0           ; 0            ; 0       ; 0         ; 0    ; 0            ; |ALU|adder32:sub0|adder16:stage1|adder4:stage2|fulladd:stage3 ; work         ;
;          |adder4:stage3|     ; 4 (0)             ; 0 (0)        ; 0           ; 0            ; 0       ; 0         ; 0    ; 0            ; |ALU|adder32:sub0|adder16:stage1|adder4:stage3                ; work         ;
;             |fulladd:stage0| ; 1 (1)             ; 0 (0)        ; 0           ; 0            ; 0       ; 0         ; 0    ; 0            ; |ALU|adder32:sub0|adder16:stage1|adder4:stage3|fulladd:stage0 ; work         ;
;             |fulladd:stage1| ; 1 (1)             ; 0 (0)        ; 0           ; 0            ; 0       ; 0         ; 0    ; 0            ; |ALU|adder32:sub0|adder16:stage1|adder4:stage3|fulladd:stage1 ; work         ;
;             |fulladd:stage2| ; 1 (1)             ; 0 (0)        ; 0           ; 0            ; 0       ; 0         ; 0    ; 0            ; |ALU|adder32:sub0|adder16:stage1|adder4:stage3|fulladd:stage2 ; work         ;
;             |fulladd:stage3| ; 1 (1)             ; 0 (0)        ; 0           ; 0            ; 0       ; 0         ; 0    ; 0            ; |ALU|adder32:sub0|adder16:stage1|adder4:stage3|fulladd:stage3 ; work         ;
+------------------------------+-------------------+--------------+-------------+--------------+---------+-----------+------+--------------+---------------------------------------------------------------+--------------+
Note: For table entries with two numbers listed, the numbers in parentheses indicate the number of resources of the given type used by the specific entity alone. The numbers listed outside of parentheses indicate the total resources of the given type used by the specific entity and all of its sub-entities in the hierarchy.


+------------------------------------------------------+
; General Register Statistics                          ;
+----------------------------------------------+-------+
; Statistic                                    ; Value ;
+----------------------------------------------+-------+
; Total registers                              ; 0     ;
; Number of registers using Synchronous Clear  ; 0     ;
; Number of registers using Synchronous Load   ; 0     ;
; Number of registers using Asynchronous Clear ; 0     ;
; Number of registers using Asynchronous Load  ; 0     ;
; Number of registers using Clock Enable       ; 0     ;
; Number of registers using Preset             ; 0     ;
+----------------------------------------------+-------+


+------------------------------------------------------------------------------------------------------------------------------------------+
; Multiplexer Restructuring Statistics (Restructuring Performed)                                                                           ;
+--------------------+-----------+---------------+----------------------+------------------------+------------+----------------------------+
; Multiplexer Inputs ; Bus Width ; Baseline Area ; Area if Restructured ; Saving if Restructured ; Registered ; Example Multiplexer Output ;
+--------------------+-----------+---------------+----------------------+------------------------+------------+----------------------------+
; 8:1                ; 30 bits   ; 150 LEs       ; 150 LEs              ; 0 LEs                  ; No         ; |ALU|Mux29                 ;
+--------------------+-----------+---------------+----------------------+------------------------+------------+----------------------------+


+----------------------------------------------------------------------------------------------------------------+
; Port Connectivity Checks: "adder32:add0|adder16:stage0|adder4:stage0|fulladd:stage2"                           ;
+------+--------+----------+-------------------------------------------------------------------------------------+
; Port ; Type   ; Severity ; Details                                                                             ;
+------+--------+----------+-------------------------------------------------------------------------------------+
; cout ; Output ; Info     ; Connected to dangling logic. Logic that only feeds a dangling port will be removed. ;
+------+--------+----------+-------------------------------------------------------------------------------------+


+----------------------------------------------------------------------------------------------------------------+
; Port Connectivity Checks: "adder32:add0|adder16:stage0|adder4:stage0|fulladd:stage1"                           ;
+------+--------+----------+-------------------------------------------------------------------------------------+
; Port ; Type   ; Severity ; Details                                                                             ;
+------+--------+----------+-------------------------------------------------------------------------------------+
; cout ; Output ; Info     ; Connected to dangling logic. Logic that only feeds a dangling port will be removed. ;
+------+--------+----------+-------------------------------------------------------------------------------------+


+----------------------------------------------------------------------------------------------------------------+
; Port Connectivity Checks: "adder32:add0|adder16:stage0|adder4:stage0|fulladd:stage0"                           ;
+------+--------+----------+-------------------------------------------------------------------------------------+
; Port ; Type   ; Severity ; Details                                                                             ;
+------+--------+----------+-------------------------------------------------------------------------------------+
; cout ; Output ; Info     ; Connected to dangling logic. Logic that only feeds a dangling port will be removed. ;
+------+--------+----------+-------------------------------------------------------------------------------------+


+-----------------------------------------------------+
; Post-Synthesis Netlist Statistics for Top Partition ;
+-----------------------+-----------------------------+
; Type                  ; Count                       ;
+-----------------------+-----------------------------+
; boundary_port         ; 101                         ;
; cycloneiii_lcell_comb ; 213                         ;
;     normal            ; 213                         ;
;         2 data inputs ; 2                           ;
;         3 data inputs ; 73                          ;
;         4 data inputs ; 138                         ;
;                       ;                             ;
; Max LUT depth         ; 14.00                       ;
; Average LUT depth     ; 9.51                        ;
+-----------------------+-----------------------------+


+-------------------------------+
; Elapsed Time Per Partition    ;
+----------------+--------------+
; Partition Name ; Elapsed Time ;
+----------------+--------------+
; Top            ; 00:00:01     ;
+----------------+--------------+


+-------------------------------+
; Analysis & Synthesis Messages ;
+-------------------------------+
Info: *******************************************************************
Info: Running Quartus II 64-Bit Analysis & Synthesis
    Info: Version 14.0.2 Build 209 09/17/2014 SJ Full Version
    Info: Processing started: Fri Feb 11 14:42:51 2022
Info: Command: quartus_map --read_settings_files=on --write_settings_files=off ALU -c ALU
Info (11104): Parallel Compilation has detected 8 hyper-threaded processors. However, the extra hyper-threaded processors will not be used by default. Parallel Compilation will use 4 of the 4 physical processors detected instead.
Info (12021): Found 2 design units, including 1 entities, in source file fulladd.vhd
    Info (12022): Found design unit 1: fulladd-Behavior
    Info (12023): Found entity 1: fulladd
Info (12021): Found 2 design units, including 1 entities, in source file adder4.vhd
    Info (12022): Found design unit 1: adder4-Behavior
    Info (12023): Found entity 1: adder4
Info (12021): Found 2 design units, including 1 entities, in source file adder16.vhd
    Info (12022): Found design unit 1: adder16-Behavior
    Info (12023): Found entity 1: adder16
Info (12021): Found 2 design units, including 1 entities, in source file adder32.vhd
    Info (12022): Found design unit 1: adder32-Behavior
    Info (12023): Found entity 1: adder32
Info (12021): Found 2 design units, including 1 entities, in source file ALU.vhd
    Info (12022): Found design unit 1: ALU-Behavior
    Info (12023): Found entity 1: ALU
Info (12127): Elaborating entity "ALU" for the top level hierarchy
Warning (10492): VHDL Process Statement warning at ALU.vhd(50): signal "result_add" is read inside the Process Statement but isn't in the Process Statement's sensitivity list
Warning (10492): VHDL Process Statement warning at ALU.vhd(51): signal "cout_add" is read inside the Process Statement but isn't in the Process Statement's sensitivity list
Warning (10492): VHDL Process Statement warning at ALU.vhd(56): signal "result_sub" is read inside the Process Statement but isn't in the Process Statement's sensitivity list
Warning (10492): VHDL Process Statement warning at ALU.vhd(57): signal "cout_sub" is read inside the Process Statement but isn't in the Process Statement's sensitivity list
Warning (10492): VHDL Process Statement warning at ALU.vhd(69): signal "result_s" is read inside the Process Statement but isn't in the Process Statement's sensitivity list
Info (12128): Elaborating entity "adder32" for hierarchy "adder32:add0"
Info (12128): Elaborating entity "adder16" for hierarchy "adder32:add0|adder16:stage0"
Info (12128): Elaborating entity "adder4" for hierarchy "adder32:add0|adder16:stage0|adder4:stage0"
Warning (10036): Verilog HDL or VHDL warning at adder4.vhd(21): object "C" assigned a value but never read
Info (12128): Elaborating entity "fulladd" for hierarchy "adder32:add0|adder16:stage0|adder4:stage0|fulladd:stage0"
Info (286030): Timing-Driven Synthesis is running
Info (16010): Generating hard_block partition "hard_block:auto_generated_inst"
    Info (16011): Adding 0 node(s), including 0 DDIO, 0 PLL, 0 transceiver and 0 LCELL
Info (21057): Implemented 314 device resources after synthesis - the final resource count might be different
    Info (21058): Implemented 67 input pins
    Info (21059): Implemented 34 output pins
    Info (21061): Implemented 213 logic cells
Info: Quartus II 64-Bit Analysis & Synthesis was successful. 0 errors, 6 warnings
    Info: Peak virtual memory: 988 megabytes
    Info: Processing ended: Fri Feb 11 14:42:57 2022
    Info: Elapsed time: 00:00:06
    Info: Total CPU time (on all processors): 00:00:04


