Flow report for PC
Thu Feb  3 03:12:18 2022
Quartus II 64-Bit Version 14.0.2 Build 209 09/17/2014 SJ Full Version


---------------------
; Table of Contents ;
---------------------
  1. Legal Notice
  2. Flow Summary
  3. Flow Settings
  4. Flow Non-Default Global Settings
  5. Flow Elapsed Time
  6. Flow OS Summary
  7. Flow Log
  8. Flow Messages
  9. Flow Suppressed Messages



----------------
; Legal Notice ;
----------------
Copyright (C) 1991-2014 Altera Corporation. All rights reserved.
Your use of Altera Corporation's design tools, logic functions 
and other software and tools, and its AMPP partner logic 
functions, and any output files from any of the foregoing 
(including device programming or simulation files), and any 
associated documentation or information are expressly subject 
to the terms and conditions of the Altera Program License 
Subscription Agreement, the Altera Quartus II License Agreement,
the Altera MegaCore Function License Agreement, or other 
applicable license agreement, including, without limitation, 
that your use is for the sole purpose of programming logic 
devices manufactured by Altera and sold by Altera or its 
authorized distributors.  Please refer to the applicable 
agreement for further details.



+----------------------------------------------------------------------------------+
; Flow Summary                                                                     ;
+------------------------------------+---------------------------------------------+
; Flow Status                        ; Successful - Thu Feb  3 03:12:18 2022       ;
; Quartus II 64-Bit Version          ; 14.0.2 Build 209 09/17/2014 SJ Full Version ;
; Revision Name                      ; PC                                          ;
; Top-level Entity Name              ; pc                                          ;
; Family                             ; Cyclone IV E                                ;
; Device                             ; EP4CE115F29C7                               ;
; Timing Models                      ; Final                                       ;
; Total logic elements               ; 32 / 114,480 ( < 1 % )                      ;
;     Total combinational functions  ; 31 / 114,480 ( < 1 % )                      ;
;     Dedicated logic registers      ; 32 / 114,480 ( < 1 % )                      ;
; Total registers                    ; 32                                          ;
; Total pins                         ; 68 / 529 ( 13 % )                           ;
; Total virtual pins                 ; 0                                           ;
; Total memory bits                  ; 0 / 3,981,312 ( 0 % )                       ;
; Embedded Multiplier 9-bit elements ; 0 / 532 ( 0 % )                             ;
; Total PLLs                         ; 0 / 4 ( 0 % )                               ;
+------------------------------------+---------------------------------------------+


+-----------------------------------------+
; Flow Settings                           ;
+-------------------+---------------------+
; Option            ; Setting             ;
+-------------------+---------------------+
; Start date & time ; 02/02/2022 18:05:35 ;
; Main task         ; Compilation         ;
; Revision Name     ; PC                  ;
+-------------------+---------------------+


+------------------------------------------------------------------------------------------------------------------------------------------------------+
; Flow Non-Default Global Settings                                                                                                                     ;
+-------------------------------------+-----------------------------------------------------------------+---------------+-------------+----------------+
; Assignment Name                     ; Value                                                           ; Default Value ; Entity Name ; Section Id     ;
+-------------------------------------+-----------------------------------------------------------------+---------------+-------------+----------------+
; COMPILER_SIGNATURE_ID               ; 203178703716946.164384313501691                                 ; --            ; --          ; --             ;
; EDA_GENERATE_FUNCTIONAL_NETLIST     ; On                                                              ; --            ; --          ; eda_simulation ;
; EDA_NETLIST_WRITER_OUTPUT_DIR       ; /home/student1/jsivalog/Desktop/COE608/Lab2/PC/simulation/qsim/ ; --            ; --          ; eda_simulation ;
; EDA_OUTPUT_DATA_FORMAT              ; Verilog Hdl                                                     ; --            ; --          ; eda_simulation ;
; EDA_SIMULATION_TOOL                 ; ModelSim-Altera (Verilog)                                       ; <None>        ; --          ; --             ;
; MAX_CORE_JUNCTION_TEMP              ; 85                                                              ; --            ; --          ; --             ;
; MIN_CORE_JUNCTION_TEMP              ; 0                                                               ; --            ; --          ; --             ;
; NOMINAL_CORE_SUPPLY_VOLTAGE         ; 1.2V                                                            ; --            ; --          ; --             ;
; PARTITION_COLOR                     ; 16764057                                                        ; --            ; pc          ; Top            ;
; PARTITION_FITTER_PRESERVATION_LEVEL ; PLACEMENT_AND_ROUTING                                           ; --            ; pc          ; Top            ;
; PARTITION_NETLIST_TYPE              ; SOURCE                                                          ; --            ; pc          ; Top            ;
; POWER_BOARD_THERMAL_MODEL           ; None (CONSERVATIVE)                                             ; --            ; --          ; --             ;
; POWER_PRESET_COOLING_SOLUTION       ; 23 MM HEAT SINK WITH 200 LFPM AIRFLOW                           ; --            ; --          ; --             ;
; PROJECT_OUTPUT_DIRECTORY            ; output_files                                                    ; --            ; --          ; --             ;
+-------------------------------------+-----------------------------------------------------------------+---------------+-------------+----------------+


+-------------------------------------------------------------------------------------------------------------------------------+
; Flow Elapsed Time                                                                                                             ;
+---------------------------+--------------+-------------------------+---------------------+------------------------------------+
; Module Name               ; Elapsed Time ; Average Processors Used ; Peak Virtual Memory ; Total CPU Time (on all processors) ;
+---------------------------+--------------+-------------------------+---------------------+------------------------------------+
; Analysis & Synthesis      ; 00:00:04     ; 1.0                     ; 962 MB              ; 00:00:02                           ;
; Fitter                    ; 00:00:20     ; 1.2                     ; 1409 MB             ; 00:00:22                           ;
; Assembler                 ; 00:00:05     ; 1.0                     ; 773 MB              ; 00:00:04                           ;
; TimeQuest Timing Analyzer ; 00:00:07     ; 1.0                     ; 890 MB              ; 00:00:03                           ;
; EDA Netlist Writer        ; 00:00:01     ; 1.0                     ; 884 MB              ; 00:00:01                           ;
; EDA Netlist Writer        ; 00:00:01     ; 1.0                     ; 1008 MB             ; 00:00:01                           ;
; EDA Netlist Writer        ; 00:00:01     ; 1.0                     ; 997 MB              ; 00:00:01                           ;
; EDA Netlist Writer        ; 00:00:00     ; 1.0                     ; 1008 MB             ; 00:00:00                           ;
; EDA Netlist Writer        ; 00:00:01     ; 1.0                     ; 1008 MB             ; 00:00:00                           ;
; EDA Netlist Writer        ; 00:00:01     ; 1.0                     ; 1008 MB             ; 00:00:01                           ;
; EDA Netlist Writer        ; 00:00:01     ; 1.0                     ; 1008 MB             ; 00:00:01                           ;
; EDA Netlist Writer        ; 00:00:00     ; 1.0                     ; 997 MB              ; 00:00:01                           ;
; EDA Netlist Writer        ; 00:00:01     ; 1.0                     ; 1013 MB             ; 00:00:01                           ;
; EDA Netlist Writer        ; 00:00:01     ; 1.0                     ; 1008 MB             ; 00:00:01                           ;
; EDA Netlist Writer        ; 00:00:00     ; 1.0                     ; 1008 MB             ; 00:00:01                           ;
; EDA Netlist Writer        ; 00:00:00     ; 1.0                     ; 997 MB              ; 00:00:01                           ;
; EDA Netlist Writer        ; 00:00:01     ; 1.0                     ; 1008 MB             ; 00:00:01                           ;
; EDA Netlist Writer        ; 00:00:01     ; 1.0                     ; 1008 MB             ; 00:00:01                           ;
; EDA Netlist Writer        ; 00:00:01     ; 1.0                     ; 1008 MB             ; 00:00:01                           ;
; EDA Netlist Writer        ; 00:00:00     ; 1.0                     ; 1008 MB             ; 00:00:01                           ;
; EDA Netlist Writer        ; 00:00:01     ; 1.0                     ; 1013 MB             ; 00:00:01                           ;
; EDA Netlist Writer        ; 00:00:01     ; 1.0                     ; 1008 MB             ; 00:00:01                           ;
; EDA Netlist Writer        ; 00:00:01     ; 1.0                     ; 1009 MB             ; 00:00:01                           ;
; Total                     ; 00:00:50     ; --                      ; --                  ; 00:00:48                           ;
+---------------------------+--------------+-------------------------+---------------------+------------------------------------+


+---------------------------------------------------------------------------------------------------+
; Flow OS Summary                                                                                   ;
+---------------------------+------------------------+--------------+--------------+----------------+
; Module Name               ; Machine Hostname       ; OS Name      ; OS Version   ; Processor type ;
+---------------------------+------------------------+--------------+--------------+----------------+
; Analysis & Synthesis      ; lajestic.ee.ryerson.ca ; CentOS Linux ; CentOS Linux ; x86_64         ;
; Fitter                    ; lajestic.ee.ryerson.ca ; CentOS Linux ; CentOS Linux ; x86_64         ;
; Assembler                 ; lajestic.ee.ryerson.ca ; CentOS Linux ; CentOS Linux ; x86_64         ;
; TimeQuest Timing Analyzer ; lajestic.ee.ryerson.ca ; CentOS Linux ; CentOS Linux ; x86_64         ;
; EDA Netlist Writer        ; lajestic.ee.ryerson.ca ; CentOS Linux ; CentOS Linux ; x86_64         ;
; EDA Netlist Writer        ; lajestic.ee.ryerson.ca ; CentOS Linux ; CentOS Linux ; x86_64         ;
; EDA Netlist Writer        ; lajestic.ee.ryerson.ca ; CentOS Linux ; CentOS Linux ; x86_64         ;
; EDA Netlist Writer        ; zarabeth.ee.ryerson.ca ; CentOS Linux ; CentOS Linux ; x86_64         ;
; EDA Netlist Writer        ; zarabeth.ee.ryerson.ca ; CentOS Linux ; CentOS Linux ; x86_64         ;
; EDA Netlist Writer        ; zarabeth.ee.ryerson.ca ; CentOS Linux ; CentOS Linux ; x86_64         ;
; EDA Netlist Writer        ; zarabeth.ee.ryerson.ca ; CentOS Linux ; CentOS Linux ; x86_64         ;
; EDA Netlist Writer        ; zarabeth.ee.ryerson.ca ; CentOS Linux ; CentOS Linux ; x86_64         ;
; EDA Netlist Writer        ; zarabeth.ee.ryerson.ca ; CentOS Linux ; CentOS Linux ; x86_64         ;
; EDA Netlist Writer        ; zarabeth.ee.ryerson.ca ; CentOS Linux ; CentOS Linux ; x86_64         ;
; EDA Netlist Writer        ; zarabeth.ee.ryerson.ca ; CentOS Linux ; CentOS Linux ; x86_64         ;
; EDA Netlist Writer        ; zarabeth.ee.ryerson.ca ; CentOS Linux ; CentOS Linux ; x86_64         ;
; EDA Netlist Writer        ; zarabeth.ee.ryerson.ca ; CentOS Linux ; CentOS Linux ; x86_64         ;
; EDA Netlist Writer        ; zarabeth.ee.ryerson.ca ; CentOS Linux ; CentOS Linux ; x86_64         ;
; EDA Netlist Writer        ; zarabeth.ee.ryerson.ca ; CentOS Linux ; CentOS Linux ; x86_64         ;
; EDA Netlist Writer        ; zarabeth.ee.ryerson.ca ; CentOS Linux ; CentOS Linux ; x86_64         ;
; EDA Netlist Writer        ; zarabeth.ee.ryerson.ca ; CentOS Linux ; CentOS Linux ; x86_64         ;
; EDA Netlist Writer        ; zarabeth.ee.ryerson.ca ; CentOS Linux ; CentOS Linux ; x86_64         ;
; EDA Netlist Writer        ; zarabeth.ee.ryerson.ca ; CentOS Linux ; CentOS Linux ; x86_64         ;
+---------------------------+------------------------+--------------+--------------+----------------+


------------
; Flow Log ;
------------
quartus_map --read_settings_files=on --write_settings_files=off PC -c PC
quartus_fit --read_settings_files=off --write_settings_files=off PC -c PC
quartus_asm --read_settings_files=off --write_settings_files=off PC -c PC
quartus_sta PC -c PC
quartus_eda --read_settings_files=off --write_settings_files=off PC -c PC
quartus_eda --gen_testbench --check_outputs=on --tool=modelsim_oem --format=verilog PC -c PC --vector_source=/home/student1/jsivalog/Desktop/COE608/Lab2/PC/pc.vwf --testbench_file=/home/student1/jsivalog/Desktop/COE608/Lab2/PC/simulation/qsim/pc.vwf.vt
quartus_eda --functional=on --flatten_buses=off --simulation=on --tool=modelsim_oem --format=verilog --output_directory=/home/student1/jsivalog/Desktop/COE608/Lab2/PC/simulation/qsim/ PC -c PC
quartus_eda --gen_testbench --check_outputs=on --tool=modelsim_oem --format=verilog PC -c PC --vector_source=/home/student1/jsivalog/Desktop/COE608/Lab2/PC/add.vwf --testbench_file=/home/student1/jsivalog/Desktop/COE608/Lab2/PC/simulation/qsim/add.vwf.vt
quartus_eda --functional=on --flatten_buses=off --simulation=on --tool=modelsim_oem --format=verilog --output_directory=/home/student1/jsivalog/Desktop/COE608/Lab2/PC/simulation/qsim/ PC -c PC
quartus_eda --gen_testbench --check_outputs=on --tool=modelsim_oem --format=verilog PC -c PC --vector_source=/home/student1/jsivalog/Desktop/COE608/Lab2/PC/add.vwf --testbench_file=/home/student1/jsivalog/Desktop/COE608/Lab2/PC/simulation/qsim/add.vwf.vt
quartus_eda --functional=on --flatten_buses=off --simulation=on --tool=modelsim_oem --format=verilog --output_directory=/home/student1/jsivalog/Desktop/COE608/Lab2/PC/simulation/qsim/ PC -c PC
quartus_eda --gen_testbench --check_outputs=on --tool=modelsim_oem --format=verilog PC -c PC --vector_source=/home/student1/jsivalog/Desktop/COE608/Lab2/PC/add.vwf --testbench_file=/home/student1/jsivalog/Desktop/COE608/Lab2/PC/simulation/qsim/add.vwf.vt
quartus_eda --functional=off --flatten_buses=off --timescale=1ps --simulation=on --tool=modelsim_oem --format=verilog --output_directory=/home/student1/jsivalog/Desktop/COE608/Lab2/PC/simulation/qsim/ PC -c PC
quartus_eda --gen_testbench --check_outputs=on --tool=modelsim_oem --format=verilog PC -c PC --vector_source=/home/student1/jsivalog/Desktop/COE608/Lab2/PC/mux2to1.vwf --testbench_file=/home/student1/jsivalog/Desktop/COE608/Lab2/PC/simulation/qsim/mux2to1.vwf.vt
quartus_eda --functional=on --flatten_buses=off --simulation=on --tool=modelsim_oem --format=verilog --output_directory=/home/student1/jsivalog/Desktop/COE608/Lab2/PC/simulation/qsim/ PC -c PC
quartus_eda --gen_testbench --check_outputs=on --tool=modelsim_oem --format=verilog PC -c PC --vector_source=/home/student1/jsivalog/Desktop/COE608/Lab2/PC/mux2to1.vwf --testbench_file=/home/student1/jsivalog/Desktop/COE608/Lab2/PC/simulation/qsim/mux2to1.vwf.vt
quartus_eda --functional=off --flatten_buses=off --timescale=1ps --simulation=on --tool=modelsim_oem --format=verilog --output_directory=/home/student1/jsivalog/Desktop/COE608/Lab2/PC/simulation/qsim/ PC -c PC
quartus_eda --gen_testbench --check_outputs=on --tool=modelsim_oem --format=verilog PC -c PC --vector_source=/home/student1/jsivalog/Desktop/COE608/Lab2/PC/pc.vwf --testbench_file=/home/student1/jsivalog/Desktop/COE608/Lab2/PC/simulation/qsim/pc.vwf.vt
quartus_eda --functional=on --flatten_buses=off --simulation=on --tool=modelsim_oem --format=verilog --output_directory=/home/student1/jsivalog/Desktop/COE608/Lab2/PC/simulation/qsim/ PC -c PC
quartus_eda --gen_testbench --check_outputs=on --tool=modelsim_oem --format=verilog PC -c PC --vector_source=/home/student1/jsivalog/Desktop/COE608/Lab2/PC/pc.vwf --testbench_file=/home/student1/jsivalog/Desktop/COE608/Lab2/PC/simulation/qsim/pc.vwf.vt
quartus_eda --functional=off --flatten_buses=off --timescale=1ps --simulation=on --tool=modelsim_oem --format=verilog --output_directory=/home/student1/jsivalog/Desktop/COE608/Lab2/PC/simulation/qsim/ PC -c PC
quartus_eda --gen_testbench --check_outputs=on --tool=modelsim_oem --format=verilog PC -c PC --vector_source=/home/student1/jsivalog/Desktop/COE608/Lab2/PC/pc.vwf --testbench_file=/home/student1/jsivalog/Desktop/COE608/Lab2/PC/simulation/qsim/pc.vwf.vt
quartus_eda --functional=on --flatten_buses=off --simulation=on --tool=modelsim_oem --format=verilog --output_directory=/home/student1/jsivalog/Desktop/COE608/Lab2/PC/simulation/qsim/ PC -c PC



